2015-09-30 17:48:14,095 [main] INFO  org.springframework.beans.factory.xml.XmlBeanDefinitionReader - Loading XML bean definitions from class path resource [applicationContext.xml]
2015-09-30 17:48:14,531 [main] INFO  org.springframework.beans.factory.xml.XmlBeanDefinitionReader - Loading XML bean definitions from class path resource [applicationContext-mybatis.xml]
2015-09-30 17:48:14,629 [main] INFO  org.springframework.context.support.GenericApplicationContext - Refreshing org.springframework.context.support.GenericApplicationContext@25a226eb: startup date [Wed Sep 30 17:48:14 CST 2015]; root of context hierarchy
2015-09-30 17:48:14,887 [main] DEBUG org.mybatis.spring.mapper.ClassPathMapperScanner - Identified candidate component class: file [D:\EclipseWorkspace\zjparent\zjp2p-rpt\target\classes\com\zjgt\p2p\article\dao\ArticlecategoryMapper.class]
2015-09-30 17:48:14,887 [main] DEBUG org.mybatis.spring.mapper.ClassPathMapperScanner - Identified candidate component class: file [D:\EclipseWorkspace\zjparent\zjp2p-rpt\target\classes\com\zjgt\p2p\article\dao\ArticleMapper.class]
2015-09-30 17:48:14,887 [main] DEBUG org.mybatis.spring.mapper.ClassPathMapperScanner - Identified candidate component class: file [D:\EclipseWorkspace\zjparent\zjp2p-rpt\target\classes\com\zjgt\p2p\article\dao\ArticletagMapper.class]
2015-09-30 17:48:14,888 [main] DEBUG org.mybatis.spring.mapper.ClassPathMapperScanner - Identified candidate component class: file [D:\EclipseWorkspace\zjparent\zjp2p-rpt\target\classes\com\zjgt\p2p\article\dao\TagMapper.class]
2015-09-30 17:48:14,890 [main] DEBUG org.mybatis.spring.mapper.ClassPathMapperScanner - Identified candidate component class: URL [jar:file:/D:/mvnrep/com/zjgt/p2p/zjp2p-system/1.0-SNAPSHOT/zjp2p-system-1.0-SNAPSHOT.jar!/com/zjgt/p2p/base/dao/ActivityLogDao.class]
2015-09-30 17:48:14,891 [main] DEBUG org.mybatis.spring.mapper.ClassPathMapperScanner - Identified candidate component class: URL [jar:file:/D:/mvnrep/com/zjgt/p2p/zjp2p-system/1.0-SNAPSHOT/zjp2p-system-1.0-SNAPSHOT.jar!/com/zjgt/p2p/base/dao/AreaDao.class]
2015-09-30 17:48:14,891 [main] DEBUG org.mybatis.spring.mapper.ClassPathMapperScanner - Identified candidate component class: URL [jar:file:/D:/mvnrep/com/zjgt/p2p/zjp2p-system/1.0-SNAPSHOT/zjp2p-system-1.0-SNAPSHOT.jar!/com/zjgt/p2p/base/dao/CodeInfoDao.class]
2015-09-30 17:48:14,891 [main] DEBUG org.mybatis.spring.mapper.ClassPathMapperScanner - Identified candidate component class: URL [jar:file:/D:/mvnrep/com/zjgt/p2p/zjp2p-system/1.0-SNAPSHOT/zjp2p-system-1.0-SNAPSHOT.jar!/com/zjgt/p2p/base/dao/CountryDao.class]
2015-09-30 17:48:14,892 [main] DEBUG org.mybatis.spring.mapper.ClassPathMapperScanner - Identified candidate component class: URL [jar:file:/D:/mvnrep/com/zjgt/p2p/zjp2p-system/1.0-SNAPSHOT/zjp2p-system-1.0-SNAPSHOT.jar!/com/zjgt/p2p/base/dao/ErrorLogMonitorDao.class]
2015-09-30 17:48:14,892 [main] DEBUG org.mybatis.spring.mapper.ClassPathMapperScanner - Identified candidate component class: URL [jar:file:/D:/mvnrep/com/zjgt/p2p/zjp2p-system/1.0-SNAPSHOT/zjp2p-system-1.0-SNAPSHOT.jar!/com/zjgt/p2p/base/dao/LoginLocaleDao.class]
2015-09-30 17:48:14,893 [main] DEBUG org.mybatis.spring.mapper.ClassPathMapperScanner - Identified candidate component class: URL [jar:file:/D:/mvnrep/com/zjgt/p2p/zjp2p-system/1.0-SNAPSHOT/zjp2p-system-1.0-SNAPSHOT.jar!/com/zjgt/p2p/base/dao/MenuDao.class]
2015-09-30 17:48:14,893 [main] DEBUG org.mybatis.spring.mapper.ClassPathMapperScanner - Identified candidate component class: URL [jar:file:/D:/mvnrep/com/zjgt/p2p/zjp2p-system/1.0-SNAPSHOT/zjp2p-system-1.0-SNAPSHOT.jar!/com/zjgt/p2p/base/dao/ModuleDao.class]
2015-09-30 17:48:14,893 [main] DEBUG org.mybatis.spring.mapper.ClassPathMapperScanner - Identified candidate component class: URL [jar:file:/D:/mvnrep/com/zjgt/p2p/zjp2p-system/1.0-SNAPSHOT/zjp2p-system-1.0-SNAPSHOT.jar!/com/zjgt/p2p/base/dao/OrganizationDao.class]
2015-09-30 17:48:14,894 [main] DEBUG org.mybatis.spring.mapper.ClassPathMapperScanner - Identified candidate component class: URL [jar:file:/D:/mvnrep/com/zjgt/p2p/zjp2p-system/1.0-SNAPSHOT/zjp2p-system-1.0-SNAPSHOT.jar!/com/zjgt/p2p/base/dao/ParamDao.class]
2015-09-30 17:48:14,894 [main] DEBUG org.mybatis.spring.mapper.ClassPathMapperScanner - Identified candidate component class: URL [jar:file:/D:/mvnrep/com/zjgt/p2p/zjp2p-system/1.0-SNAPSHOT/zjp2p-system-1.0-SNAPSHOT.jar!/com/zjgt/p2p/base/dao/RoleDao.class]
2015-09-30 17:48:14,895 [main] DEBUG org.mybatis.spring.mapper.ClassPathMapperScanner - Identified candidate component class: URL [jar:file:/D:/mvnrep/com/zjgt/p2p/zjp2p-system/1.0-SNAPSHOT/zjp2p-system-1.0-SNAPSHOT.jar!/com/zjgt/p2p/base/dao/SerialDao.class]
2015-09-30 17:48:14,895 [main] DEBUG org.mybatis.spring.mapper.ClassPathMapperScanner - Identified candidate component class: URL [jar:file:/D:/mvnrep/com/zjgt/p2p/zjp2p-system/1.0-SNAPSHOT/zjp2p-system-1.0-SNAPSHOT.jar!/com/zjgt/p2p/base/dao/StaffDao.class]
2015-09-30 17:48:14,895 [main] DEBUG org.mybatis.spring.mapper.ClassPathMapperScanner - Identified candidate component class: URL [jar:file:/D:/mvnrep/com/zjgt/p2p/zjp2p-system/1.0-SNAPSHOT/zjp2p-system-1.0-SNAPSHOT.jar!/com/zjgt/p2p/base/dao/TransactionDao.class]
2015-09-30 17:48:14,896 [main] DEBUG org.mybatis.spring.mapper.ClassPathMapperScanner - Identified candidate component class: URL [jar:file:/D:/mvnrep/com/zjgt/p2p/zjp2p-system/1.0-SNAPSHOT/zjp2p-system-1.0-SNAPSHOT.jar!/com/zjgt/p2p/base/dao/WebTransDao.class]
2015-09-30 17:48:14,897 [main] DEBUG org.mybatis.spring.mapper.ClassPathMapperScanner - Creating MapperFactoryBean with name 'articlecategoryMapper' and 'com.zjgt.p2p.article.dao.ArticlecategoryMapper' mapperInterface
2015-09-30 17:48:14,899 [main] DEBUG org.mybatis.spring.mapper.ClassPathMapperScanner - Creating MapperFactoryBean with name 'articleMapper' and 'com.zjgt.p2p.article.dao.ArticleMapper' mapperInterface
2015-09-30 17:48:14,899 [main] DEBUG org.mybatis.spring.mapper.ClassPathMapperScanner - Creating MapperFactoryBean with name 'articletagMapper' and 'com.zjgt.p2p.article.dao.ArticletagMapper' mapperInterface
2015-09-30 17:48:14,899 [main] DEBUG org.mybatis.spring.mapper.ClassPathMapperScanner - Creating MapperFactoryBean with name 'tagMapper' and 'com.zjgt.p2p.article.dao.TagMapper' mapperInterface
2015-09-30 17:48:14,899 [main] DEBUG org.mybatis.spring.mapper.ClassPathMapperScanner - Creating MapperFactoryBean with name 'activityLogDao' and 'com.zjgt.p2p.base.dao.ActivityLogDao' mapperInterface
2015-09-30 17:48:14,899 [main] DEBUG org.mybatis.spring.mapper.ClassPathMapperScanner - Creating MapperFactoryBean with name 'areaDao' and 'com.zjgt.p2p.base.dao.AreaDao' mapperInterface
2015-09-30 17:48:14,899 [main] DEBUG org.mybatis.spring.mapper.ClassPathMapperScanner - Creating MapperFactoryBean with name 'codeInfoDao' and 'com.zjgt.p2p.base.dao.CodeInfoDao' mapperInterface
2015-09-30 17:48:14,899 [main] DEBUG org.mybatis.spring.mapper.ClassPathMapperScanner - Creating MapperFactoryBean with name 'countryDao' and 'com.zjgt.p2p.base.dao.CountryDao' mapperInterface
2015-09-30 17:48:14,899 [main] DEBUG org.mybatis.spring.mapper.ClassPathMapperScanner - Creating MapperFactoryBean with name 'errorLogMonitorDao' and 'com.zjgt.p2p.base.dao.ErrorLogMonitorDao' mapperInterface
2015-09-30 17:48:14,899 [main] DEBUG org.mybatis.spring.mapper.ClassPathMapperScanner - Creating MapperFactoryBean with name 'loginLocaleDao' and 'com.zjgt.p2p.base.dao.LoginLocaleDao' mapperInterface
2015-09-30 17:48:14,899 [main] DEBUG org.mybatis.spring.mapper.ClassPathMapperScanner - Creating MapperFactoryBean with name 'menuDao' and 'com.zjgt.p2p.base.dao.MenuDao' mapperInterface
2015-09-30 17:48:14,899 [main] DEBUG org.mybatis.spring.mapper.ClassPathMapperScanner - Creating MapperFactoryBean with name 'moduleDao' and 'com.zjgt.p2p.base.dao.ModuleDao' mapperInterface
2015-09-30 17:48:14,899 [main] DEBUG org.mybatis.spring.mapper.ClassPathMapperScanner - Creating MapperFactoryBean with name 'organizationDao' and 'com.zjgt.p2p.base.dao.OrganizationDao' mapperInterface
2015-09-30 17:48:14,899 [main] DEBUG org.mybatis.spring.mapper.ClassPathMapperScanner - Creating MapperFactoryBean with name 'paramDao' and 'com.zjgt.p2p.base.dao.ParamDao' mapperInterface
2015-09-30 17:48:14,899 [main] DEBUG org.mybatis.spring.mapper.ClassPathMapperScanner - Creating MapperFactoryBean with name 'roleDao' and 'com.zjgt.p2p.base.dao.RoleDao' mapperInterface
2015-09-30 17:48:14,899 [main] DEBUG org.mybatis.spring.mapper.ClassPathMapperScanner - Creating MapperFactoryBean with name 'serialDao' and 'com.zjgt.p2p.base.dao.SerialDao' mapperInterface
2015-09-30 17:48:14,900 [main] DEBUG org.mybatis.spring.mapper.ClassPathMapperScanner - Creating MapperFactoryBean with name 'staffDao' and 'com.zjgt.p2p.base.dao.StaffDao' mapperInterface
2015-09-30 17:48:14,900 [main] DEBUG org.mybatis.spring.mapper.ClassPathMapperScanner - Creating MapperFactoryBean with name 'transactionDao' and 'com.zjgt.p2p.base.dao.TransactionDao' mapperInterface
2015-09-30 17:48:14,900 [main] DEBUG org.mybatis.spring.mapper.ClassPathMapperScanner - Creating MapperFactoryBean with name 'webTransDao' and 'com.zjgt.p2p.base.dao.WebTransDao' mapperInterface
2015-09-30 17:48:14,902 [main] DEBUG org.mybatis.spring.mapper.ClassPathMapperScanner - Identified candidate component class: file [D:\EclipseWorkspace\zjparent\zjp2p-rpt\target\classes\com\zjgt\p2p\report\dao\CpsStatMapper.class]
2015-09-30 17:48:14,902 [main] DEBUG org.mybatis.spring.mapper.ClassPathMapperScanner - Creating MapperFactoryBean with name 'cpsStatMapper' and 'com.zjgt.p2p.report.dao.CpsStatMapper' mapperInterface
2015-09-30 17:48:14,914 [main] INFO  org.springframework.context.support.PropertySourcesPlaceholderConfigurer - Loading properties file from class path resource [config.properties]
2015-09-30 17:48:14,973 [main] INFO  org.springframework.beans.factory.support.DefaultListableBeanFactory - Pre-instantiating singletons in org.springframework.beans.factory.support.DefaultListableBeanFactory@1b13e52f: defining beans [org.springframework.context.annotation.internalConfigurationAnnotationProcessor,org.springframework.context.annotation.internalAutowiredAnnotationProcessor,org.springframework.context.annotation.internalRequiredAnnotationProcessor,org.springframework.context.annotation.internalCommonAnnotationProcessor,ArticlecategoryService,articleService,cpsStatService,asyncService,activityLogService,areaService,codeInfoService,countryService,errorLogMonitorService,loginLocaleService,menuService,moduleService,organizationService,paramService,roleService,serialService,staffAccountService,transactionService,webTransService,validator,propertiesUtils,springContextUtil,preloadService,cacheAdminFactory,cacheClient,org.springframework.context.support.PropertySourcesPlaceholderConfigurer#0,dataSource,sqlSessionFactory,org.mybatis.spring.mapper.MapperScannerConfigurer#0,transactionManager,org.springframework.aop.config.internalAutoProxyCreator,org.springframework.transaction.annotation.AnnotationTransactionAttributeSource#0,org.springframework.transaction.interceptor.TransactionInterceptor#0,org.springframework.transaction.config.internalTransactionAdvisor,transactionAdvice,transactionPointcut,org.springframework.aop.support.DefaultBeanFactoryPointcutAdvisor#0,druid-stat-interceptor,druid-stat-pointcut,org.springframework.aop.support.DefaultBeanFactoryPointcutAdvisor#1,dataSource_rpt,rpt_sqlSessionFactory,org.mybatis.spring.mapper.MapperScannerConfigurer#1,org.springframework.context.annotation.ConfigurationClassPostProcessor.importAwareProcessor,articlecategoryMapper,articleMapper,articletagMapper,tagMapper,activityLogDao,areaDao,codeInfoDao,countryDao,errorLogMonitorDao,loginLocaleDao,menuDao,moduleDao,organizationDao,paramDao,roleDao,serialDao,staffDao,transactionDao,webTransDao,cpsStatMapper]; root of factory hierarchy
2015-09-30 17:48:15,231 [main] DEBUG org.apache.ibatis.logging.LogFactory - Logging initialized using 'class org.apache.ibatis.logging.slf4j.Slf4jImpl' adapter.
2015-09-30 17:48:15,747 [main] DEBUG org.mybatis.spring.SqlSessionFactoryBean - Parsed configuration file: 'class path resource [sqlmap.xml]'
2015-09-30 17:48:15,982 [main] DEBUG org.mybatis.spring.SqlSessionFactoryBean - Parsed mapper file: 'file [D:\EclipseWorkspace\zjparent\zjp2p-rpt\target\classes\com\zjgt\p2p\map\ArticlecategoryMapper.xml]'
2015-09-30 17:48:16,041 [main] DEBUG org.mybatis.spring.SqlSessionFactoryBean - Parsed mapper file: 'file [D:\EclipseWorkspace\zjparent\zjp2p-rpt\target\classes\com\zjgt\p2p\map\ArticleMapper.xml]'
2015-09-30 17:48:16,064 [main] DEBUG org.mybatis.spring.SqlSessionFactoryBean - Parsed mapper file: 'file [D:\EclipseWorkspace\zjparent\zjp2p-rpt\target\classes\com\zjgt\p2p\map\ArticletagMapper.xml]'
2015-09-30 17:48:16,113 [main] INFO  org.springfk.pancloud.daoframework.cache.preload.PreloadService - 没有开启预加载！
2015-09-30 17:48:16,231 [main] DEBUG org.mybatis.spring.SqlSessionFactoryBean - Parsed configuration file: 'class path resource [sqlmap.xml]'
2015-09-30 17:48:16,276 [main] DEBUG org.mybatis.spring.SqlSessionFactoryBean - Parsed mapper file: 'file [D:\EclipseWorkspace\zjparent\zjp2p-rpt\target\classes\com\zjgt\p2p\report\map\CpsStatMapper.xml]'
2015-09-30 17:48:16,470 [main] DEBUG org.springframework.jdbc.datasource.DataSourceTransactionManager - Creating new transaction with name [com.zjgt.p2p.service.impl.CpsStatServiceImpl.addCpsStat]: PROPAGATION_REQUIRED,ISOLATION_DEFAULT
2015-09-30 17:48:16,470 [main] DEBUG org.springframework.jdbc.datasource.DataSourceTransactionManager - Acquired Connection [com.alibaba.druid.proxy.jdbc.ConnectionProxyImpl@5ca3f8c7] for JDBC transaction
2015-09-30 17:48:16,474 [main] DEBUG org.springframework.jdbc.datasource.DataSourceTransactionManager - Switching JDBC Connection [com.alibaba.druid.proxy.jdbc.ConnectionProxyImpl@5ca3f8c7] to manual commit
2015-09-30 17:48:16,480 [main] DEBUG org.mybatis.spring.SqlSessionUtils - Creating a new SqlSession
2015-09-30 17:48:16,491 [main] DEBUG org.mybatis.spring.SqlSessionUtils - Registering transaction synchronization for SqlSession [org.apache.ibatis.session.defaults.DefaultSqlSession@4eea7125]
2015-09-30 17:48:16,548 [main] DEBUG org.springframework.jdbc.datasource.DataSourceUtils - Fetching JDBC Connection from DataSource
2015-09-30 17:48:16,548 [main] DEBUG org.springframework.jdbc.datasource.DataSourceUtils - Registering transaction synchronization for JDBC Connection
2015-09-30 17:48:16,549 [main] DEBUG org.mybatis.spring.transaction.SpringManagedTransaction - JDBC Connection [com.alibaba.druid.proxy.jdbc.ConnectionProxyImpl@3a20b053] will be managed by Spring
2015-09-30 17:48:16,550 [main] DEBUG com.zjgt.p2p.report.dao.CpsStatMapper.insertSelective - ooo Using Connection [com.alibaba.druid.proxy.jdbc.ConnectionProxyImpl@3a20b053]
2015-09-30 17:48:16,554 [main] DEBUG com.zjgt.p2p.report.dao.CpsStatMapper.insertSelective - ==>  Preparing: insert into cpsstat ( cpscode, cpsname ) values ( ?, ? ) 
2015-09-30 17:48:16,626 [main] DEBUG com.zjgt.p2p.report.dao.CpsStatMapper.insertSelective - ==> Parameters: baidu(String), 百度(String)
2015-09-30 17:48:16,644 [main] DEBUG com.zjgt.p2p.report.dao.CpsStatMapper.insertSelective - <==    Updates: 1
2015-09-30 17:48:16,644 [main] DEBUG org.mybatis.spring.SqlSessionUtils - Releasing transactional SqlSession [org.apache.ibatis.session.defaults.DefaultSqlSession@4eea7125]
2015-09-30 17:48:16,644 [main] DEBUG org.springframework.jdbc.datasource.DataSourceTransactionManager - Initiating transaction commit
2015-09-30 17:48:16,645 [main] DEBUG org.springframework.jdbc.datasource.DataSourceTransactionManager - Committing JDBC transaction on Connection [com.alibaba.druid.proxy.jdbc.ConnectionProxyImpl@5ca3f8c7]
2015-09-30 17:48:16,646 [main] DEBUG org.mybatis.spring.SqlSessionUtils - Transaction synchronization committing SqlSession [org.apache.ibatis.session.defaults.DefaultSqlSession@4eea7125]
2015-09-30 17:48:16,646 [main] DEBUG org.mybatis.spring.SqlSessionUtils - Transaction synchronization closing SqlSession [org.apache.ibatis.session.defaults.DefaultSqlSession@4eea7125]
2015-09-30 17:48:16,646 [main] DEBUG org.springframework.jdbc.datasource.DataSourceUtils - Returning JDBC Connection to DataSource
2015-09-30 17:48:16,648 [main] DEBUG org.springframework.jdbc.datasource.DataSourceTransactionManager - Releasing JDBC Connection [com.alibaba.druid.proxy.jdbc.ConnectionProxyImpl@5ca3f8c7] after transaction
2015-09-30 17:48:16,648 [main] DEBUG org.springframework.jdbc.datasource.DataSourceUtils - Returning JDBC Connection to DataSource
2015-09-30 17:48:16,650 [Thread-1] INFO  org.springframework.context.support.GenericApplicationContext - Closing org.springframework.context.support.GenericApplicationContext@25a226eb: startup date [Wed Sep 30 17:48:14 CST 2015]; root of context hierarchy
2015-09-30 17:48:16,651 [Thread-1] INFO  org.springframework.beans.factory.support.DefaultListableBeanFactory - Destroying singletons in org.springframework.beans.factory.support.DefaultListableBeanFactory@1b13e52f: defining beans [org.springframework.context.annotation.internalConfigurationAnnotationProcessor,org.springframework.context.annotation.internalAutowiredAnnotationProcessor,org.springframework.context.annotation.internalRequiredAnnotationProcessor,org.springframework.context.annotation.internalCommonAnnotationProcessor,ArticlecategoryService,articleService,cpsStatService,asyncService,activityLogService,areaService,codeInfoService,countryService,errorLogMonitorService,loginLocaleService,menuService,moduleService,organizationService,paramService,roleService,serialService,staffAccountService,transactionService,webTransService,validator,propertiesUtils,springContextUtil,preloadService,cacheAdminFactory,cacheClient,org.springframework.context.support.PropertySourcesPlaceholderConfigurer#0,dataSource,sqlSessionFactory,org.mybatis.spring.mapper.MapperScannerConfigurer#0,transactionManager,org.springframework.aop.config.internalAutoProxyCreator,org.springframework.transaction.annotation.AnnotationTransactionAttributeSource#0,org.springframework.transaction.interceptor.TransactionInterceptor#0,org.springframework.transaction.config.internalTransactionAdvisor,transactionAdvice,transactionPointcut,org.springframework.aop.support.DefaultBeanFactoryPointcutAdvisor#0,druid-stat-interceptor,druid-stat-pointcut,org.springframework.aop.support.DefaultBeanFactoryPointcutAdvisor#1,dataSource_rpt,rpt_sqlSessionFactory,org.mybatis.spring.mapper.MapperScannerConfigurer#1,org.springframework.context.annotation.ConfigurationClassPostProcessor.importAwareProcessor,articlecategoryMapper,articleMapper,articletagMapper,tagMapper,activityLogDao,areaDao,codeInfoDao,countryDao,errorLogMonitorDao,loginLocaleDao,menuDao,moduleDao,organizationDao,paramDao,roleDao,serialDao,staffDao,transactionDao,webTransDao,cpsStatMapper]; root of factory hierarchy
2015-09-30 20:35:38,499 [main] INFO  org.springframework.beans.factory.xml.XmlBeanDefinitionReader - Loading XML bean definitions from class path resource [applicationContext.xml]
2015-09-30 20:35:38,835 [main] INFO  org.springframework.beans.factory.xml.XmlBeanDefinitionReader - Loading XML bean definitions from class path resource [applicationContext-mybatis.xml]
2015-09-30 20:35:38,908 [main] INFO  org.springframework.context.support.GenericApplicationContext - Refreshing org.springframework.context.support.GenericApplicationContext@612c6051: startup date [Wed Sep 30 20:35:38 CST 2015]; root of context hierarchy
2015-09-30 20:35:39,042 [main] DEBUG org.mybatis.spring.mapper.ClassPathMapperScanner - Identified candidate component class: file [D:\EclipseWorkspace\zjparent\zjp2p-rpt\target\classes\com\zjgt\p2p\article\dao\ArticlecategoryMapper.class]
2015-09-30 20:35:39,042 [main] DEBUG org.mybatis.spring.mapper.ClassPathMapperScanner - Identified candidate component class: file [D:\EclipseWorkspace\zjparent\zjp2p-rpt\target\classes\com\zjgt\p2p\article\dao\ArticleMapper.class]
2015-09-30 20:35:39,042 [main] DEBUG org.mybatis.spring.mapper.ClassPathMapperScanner - Identified candidate component class: file [D:\EclipseWorkspace\zjparent\zjp2p-rpt\target\classes\com\zjgt\p2p\article\dao\ArticletagMapper.class]
2015-09-30 20:35:39,042 [main] DEBUG org.mybatis.spring.mapper.ClassPathMapperScanner - Identified candidate component class: file [D:\EclipseWorkspace\zjparent\zjp2p-rpt\target\classes\com\zjgt\p2p\article\dao\TagMapper.class]
2015-09-30 20:35:39,045 [main] DEBUG org.mybatis.spring.mapper.ClassPathMapperScanner - Identified candidate component class: URL [jar:file:/D:/mvnrep/com/zjgt/p2p/zjp2p-system/1.0-SNAPSHOT/zjp2p-system-1.0-SNAPSHOT.jar!/com/zjgt/p2p/base/dao/ActivityLogDao.class]
2015-09-30 20:35:39,045 [main] DEBUG org.mybatis.spring.mapper.ClassPathMapperScanner - Identified candidate component class: URL [jar:file:/D:/mvnrep/com/zjgt/p2p/zjp2p-system/1.0-SNAPSHOT/zjp2p-system-1.0-SNAPSHOT.jar!/com/zjgt/p2p/base/dao/AreaDao.class]
2015-09-30 20:35:39,045 [main] DEBUG org.mybatis.spring.mapper.ClassPathMapperScanner - Identified candidate component class: URL [jar:file:/D:/mvnrep/com/zjgt/p2p/zjp2p-system/1.0-SNAPSHOT/zjp2p-system-1.0-SNAPSHOT.jar!/com/zjgt/p2p/base/dao/CodeInfoDao.class]
2015-09-30 20:35:39,046 [main] DEBUG org.mybatis.spring.mapper.ClassPathMapperScanner - Identified candidate component class: URL [jar:file:/D:/mvnrep/com/zjgt/p2p/zjp2p-system/1.0-SNAPSHOT/zjp2p-system-1.0-SNAPSHOT.jar!/com/zjgt/p2p/base/dao/CountryDao.class]
2015-09-30 20:35:39,046 [main] DEBUG org.mybatis.spring.mapper.ClassPathMapperScanner - Identified candidate component class: URL [jar:file:/D:/mvnrep/com/zjgt/p2p/zjp2p-system/1.0-SNAPSHOT/zjp2p-system-1.0-SNAPSHOT.jar!/com/zjgt/p2p/base/dao/ErrorLogMonitorDao.class]
2015-09-30 20:35:39,046 [main] DEBUG org.mybatis.spring.mapper.ClassPathMapperScanner - Identified candidate component class: URL [jar:file:/D:/mvnrep/com/zjgt/p2p/zjp2p-system/1.0-SNAPSHOT/zjp2p-system-1.0-SNAPSHOT.jar!/com/zjgt/p2p/base/dao/LoginLocaleDao.class]
2015-09-30 20:35:39,047 [main] DEBUG org.mybatis.spring.mapper.ClassPathMapperScanner - Identified candidate component class: URL [jar:file:/D:/mvnrep/com/zjgt/p2p/zjp2p-system/1.0-SNAPSHOT/zjp2p-system-1.0-SNAPSHOT.jar!/com/zjgt/p2p/base/dao/MenuDao.class]
2015-09-30 20:35:39,047 [main] DEBUG org.mybatis.spring.mapper.ClassPathMapperScanner - Identified candidate component class: URL [jar:file:/D:/mvnrep/com/zjgt/p2p/zjp2p-system/1.0-SNAPSHOT/zjp2p-system-1.0-SNAPSHOT.jar!/com/zjgt/p2p/base/dao/ModuleDao.class]
2015-09-30 20:35:39,048 [main] DEBUG org.mybatis.spring.mapper.ClassPathMapperScanner - Identified candidate component class: URL [jar:file:/D:/mvnrep/com/zjgt/p2p/zjp2p-system/1.0-SNAPSHOT/zjp2p-system-1.0-SNAPSHOT.jar!/com/zjgt/p2p/base/dao/OrganizationDao.class]
2015-09-30 20:35:39,048 [main] DEBUG org.mybatis.spring.mapper.ClassPathMapperScanner - Identified candidate component class: URL [jar:file:/D:/mvnrep/com/zjgt/p2p/zjp2p-system/1.0-SNAPSHOT/zjp2p-system-1.0-SNAPSHOT.jar!/com/zjgt/p2p/base/dao/ParamDao.class]
2015-09-30 20:35:39,048 [main] DEBUG org.mybatis.spring.mapper.ClassPathMapperScanner - Identified candidate component class: URL [jar:file:/D:/mvnrep/com/zjgt/p2p/zjp2p-system/1.0-SNAPSHOT/zjp2p-system-1.0-SNAPSHOT.jar!/com/zjgt/p2p/base/dao/RoleDao.class]
2015-09-30 20:35:39,049 [main] DEBUG org.mybatis.spring.mapper.ClassPathMapperScanner - Identified candidate component class: URL [jar:file:/D:/mvnrep/com/zjgt/p2p/zjp2p-system/1.0-SNAPSHOT/zjp2p-system-1.0-SNAPSHOT.jar!/com/zjgt/p2p/base/dao/SerialDao.class]
2015-09-30 20:35:39,049 [main] DEBUG org.mybatis.spring.mapper.ClassPathMapperScanner - Identified candidate component class: URL [jar:file:/D:/mvnrep/com/zjgt/p2p/zjp2p-system/1.0-SNAPSHOT/zjp2p-system-1.0-SNAPSHOT.jar!/com/zjgt/p2p/base/dao/StaffDao.class]
2015-09-30 20:35:39,049 [main] DEBUG org.mybatis.spring.mapper.ClassPathMapperScanner - Identified candidate component class: URL [jar:file:/D:/mvnrep/com/zjgt/p2p/zjp2p-system/1.0-SNAPSHOT/zjp2p-system-1.0-SNAPSHOT.jar!/com/zjgt/p2p/base/dao/TransactionDao.class]
2015-09-30 20:35:39,050 [main] DEBUG org.mybatis.spring.mapper.ClassPathMapperScanner - Identified candidate component class: URL [jar:file:/D:/mvnrep/com/zjgt/p2p/zjp2p-system/1.0-SNAPSHOT/zjp2p-system-1.0-SNAPSHOT.jar!/com/zjgt/p2p/base/dao/WebTransDao.class]
2015-09-30 20:35:39,051 [main] DEBUG org.mybatis.spring.mapper.ClassPathMapperScanner - Creating MapperFactoryBean with name 'articlecategoryMapper' and 'com.zjgt.p2p.article.dao.ArticlecategoryMapper' mapperInterface
2015-09-30 20:35:39,052 [main] DEBUG org.mybatis.spring.mapper.ClassPathMapperScanner - Creating MapperFactoryBean with name 'articleMapper' and 'com.zjgt.p2p.article.dao.ArticleMapper' mapperInterface
2015-09-30 20:35:39,052 [main] DEBUG org.mybatis.spring.mapper.ClassPathMapperScanner - Creating MapperFactoryBean with name 'articletagMapper' and 'com.zjgt.p2p.article.dao.ArticletagMapper' mapperInterface
2015-09-30 20:35:39,053 [main] DEBUG org.mybatis.spring.mapper.ClassPathMapperScanner - Creating MapperFactoryBean with name 'tagMapper' and 'com.zjgt.p2p.article.dao.TagMapper' mapperInterface
2015-09-30 20:35:39,053 [main] DEBUG org.mybatis.spring.mapper.ClassPathMapperScanner - Creating MapperFactoryBean with name 'activityLogDao' and 'com.zjgt.p2p.base.dao.ActivityLogDao' mapperInterface
2015-09-30 20:35:39,053 [main] DEBUG org.mybatis.spring.mapper.ClassPathMapperScanner - Creating MapperFactoryBean with name 'areaDao' and 'com.zjgt.p2p.base.dao.AreaDao' mapperInterface
2015-09-30 20:35:39,053 [main] DEBUG org.mybatis.spring.mapper.ClassPathMapperScanner - Creating MapperFactoryBean with name 'codeInfoDao' and 'com.zjgt.p2p.base.dao.CodeInfoDao' mapperInterface
2015-09-30 20:35:39,053 [main] DEBUG org.mybatis.spring.mapper.ClassPathMapperScanner - Creating MapperFactoryBean with name 'countryDao' and 'com.zjgt.p2p.base.dao.CountryDao' mapperInterface
2015-09-30 20:35:39,053 [main] DEBUG org.mybatis.spring.mapper.ClassPathMapperScanner - Creating MapperFactoryBean with name 'errorLogMonitorDao' and 'com.zjgt.p2p.base.dao.ErrorLogMonitorDao' mapperInterface
2015-09-30 20:35:39,053 [main] DEBUG org.mybatis.spring.mapper.ClassPathMapperScanner - Creating MapperFactoryBean with name 'loginLocaleDao' and 'com.zjgt.p2p.base.dao.LoginLocaleDao' mapperInterface
2015-09-30 20:35:39,053 [main] DEBUG org.mybatis.spring.mapper.ClassPathMapperScanner - Creating MapperFactoryBean with name 'menuDao' and 'com.zjgt.p2p.base.dao.MenuDao' mapperInterface
2015-09-30 20:35:39,053 [main] DEBUG org.mybatis.spring.mapper.ClassPathMapperScanner - Creating MapperFactoryBean with name 'moduleDao' and 'com.zjgt.p2p.base.dao.ModuleDao' mapperInterface
2015-09-30 20:35:39,053 [main] DEBUG org.mybatis.spring.mapper.ClassPathMapperScanner - Creating MapperFactoryBean with name 'organizationDao' and 'com.zjgt.p2p.base.dao.OrganizationDao' mapperInterface
2015-09-30 20:35:39,053 [main] DEBUG org.mybatis.spring.mapper.ClassPathMapperScanner - Creating MapperFactoryBean with name 'paramDao' and 'com.zjgt.p2p.base.dao.ParamDao' mapperInterface
2015-09-30 20:35:39,053 [main] DEBUG org.mybatis.spring.mapper.ClassPathMapperScanner - Creating MapperFactoryBean with name 'roleDao' and 'com.zjgt.p2p.base.dao.RoleDao' mapperInterface
2015-09-30 20:35:39,053 [main] DEBUG org.mybatis.spring.mapper.ClassPathMapperScanner - Creating MapperFactoryBean with name 'serialDao' and 'com.zjgt.p2p.base.dao.SerialDao' mapperInterface
2015-09-30 20:35:39,053 [main] DEBUG org.mybatis.spring.mapper.ClassPathMapperScanner - Creating MapperFactoryBean with name 'staffDao' and 'com.zjgt.p2p.base.dao.StaffDao' mapperInterface
2015-09-30 20:35:39,053 [main] DEBUG org.mybatis.spring.mapper.ClassPathMapperScanner - Creating MapperFactoryBean with name 'transactionDao' and 'com.zjgt.p2p.base.dao.TransactionDao' mapperInterface
2015-09-30 20:35:39,053 [main] DEBUG org.mybatis.spring.mapper.ClassPathMapperScanner - Creating MapperFactoryBean with name 'webTransDao' and 'com.zjgt.p2p.base.dao.WebTransDao' mapperInterface
2015-09-30 20:35:39,054 [main] DEBUG org.mybatis.spring.mapper.ClassPathMapperScanner - Identified candidate component class: file [D:\EclipseWorkspace\zjparent\zjp2p-rpt\target\classes\com\zjgt\p2p\report\dao\CpsStatMapper.class]
2015-09-30 20:35:39,055 [main] DEBUG org.mybatis.spring.mapper.ClassPathMapperScanner - Creating MapperFactoryBean with name 'cpsStatMapper' and 'com.zjgt.p2p.report.dao.CpsStatMapper' mapperInterface
2015-09-30 20:35:39,066 [main] INFO  org.springframework.context.support.PropertySourcesPlaceholderConfigurer - Loading properties file from class path resource [config.properties]
2015-09-30 20:35:39,114 [main] INFO  org.springframework.beans.factory.support.DefaultListableBeanFactory - Pre-instantiating singletons in org.springframework.beans.factory.support.DefaultListableBeanFactory@2dbf20f6: defining beans [org.springframework.context.annotation.internalConfigurationAnnotationProcessor,org.springframework.context.annotation.internalAutowiredAnnotationProcessor,org.springframework.context.annotation.internalRequiredAnnotationProcessor,org.springframework.context.annotation.internalCommonAnnotationProcessor,ArticlecategoryService,articleService,cpsStatService,asyncService,activityLogService,areaService,codeInfoService,countryService,errorLogMonitorService,loginLocaleService,menuService,moduleService,organizationService,paramService,roleService,serialService,staffAccountService,transactionService,webTransService,validator,propertiesUtils,springContextUtil,preloadService,cacheAdminFactory,cacheClient,org.springframework.context.support.PropertySourcesPlaceholderConfigurer#0,dataSource,sqlSessionFactory,org.mybatis.spring.mapper.MapperScannerConfigurer#0,transactionManager,org.springframework.aop.config.internalAutoProxyCreator,org.springframework.transaction.annotation.AnnotationTransactionAttributeSource#0,org.springframework.transaction.interceptor.TransactionInterceptor#0,org.springframework.transaction.config.internalTransactionAdvisor,transactionAdvice,transactionPointcut,org.springframework.aop.support.DefaultBeanFactoryPointcutAdvisor#0,druid-stat-interceptor,druid-stat-pointcut,org.springframework.aop.support.DefaultBeanFactoryPointcutAdvisor#1,dataSource_rpt,rpt_sqlSessionFactory,org.mybatis.spring.mapper.MapperScannerConfigurer#1,org.springframework.context.annotation.ConfigurationClassPostProcessor.importAwareProcessor,articlecategoryMapper,articleMapper,articletagMapper,tagMapper,activityLogDao,areaDao,codeInfoDao,countryDao,errorLogMonitorDao,loginLocaleDao,menuDao,moduleDao,organizationDao,paramDao,roleDao,serialDao,staffDao,transactionDao,webTransDao,cpsStatMapper]; root of factory hierarchy
2015-09-30 20:35:39,291 [main] DEBUG org.apache.ibatis.logging.LogFactory - Logging initialized using 'class org.apache.ibatis.logging.slf4j.Slf4jImpl' adapter.
2015-09-30 20:35:39,626 [main] DEBUG org.mybatis.spring.SqlSessionFactoryBean - Parsed configuration file: 'class path resource [sqlmap.xml]'
2015-09-30 20:35:39,839 [main] DEBUG org.mybatis.spring.SqlSessionFactoryBean - Parsed mapper file: 'file [D:\EclipseWorkspace\zjparent\zjp2p-rpt\target\classes\com\zjgt\p2p\map\ArticlecategoryMapper.xml]'
2015-09-30 20:35:39,893 [main] DEBUG org.mybatis.spring.SqlSessionFactoryBean - Parsed mapper file: 'file [D:\EclipseWorkspace\zjparent\zjp2p-rpt\target\classes\com\zjgt\p2p\map\ArticleMapper.xml]'
2015-09-30 20:35:39,914 [main] DEBUG org.mybatis.spring.SqlSessionFactoryBean - Parsed mapper file: 'file [D:\EclipseWorkspace\zjparent\zjp2p-rpt\target\classes\com\zjgt\p2p\map\ArticletagMapper.xml]'
2015-09-30 20:35:39,929 [main] DEBUG org.mybatis.spring.SqlSessionFactoryBean - Parsed mapper file: 'URL [jar:file:/D:/mvnrep/com/zjgt/p2p/zjp2p-system/1.0-SNAPSHOT/zjp2p-system-1.0-SNAPSHOT.jar!/com/zjgt/p2p/map/base/ActivityLogDao.xml]'
2015-09-30 20:35:39,960 [main] INFO  CacheAdminFactory.class - call CacheAdminFactory getInstance with no args
2015-09-30 20:35:39,960 [main] INFO  CacheAdminFactory.class - call CacheAdminFactory default constructor
2015-09-30 20:35:39,963 [main] INFO  CacheAdminFactory.class - init memcached config file is memcached.xml
2015-09-30 20:35:39,963 [main] INFO  MemcachedManager.class - +++++isStart is false Start manager+++++
2015-09-30 20:35:39,963 [main] INFO  MemcachedManager.class - +++++use config file+++++memcached.xml
2015-09-30 20:35:39,979 [main] INFO  com.alisoft.xplatform.asf.cache.impl.DefaultCacheImpl - DefaultCache CheckService is start!
2015-09-30 20:35:40,018 [main] INFO  com.alisoft.xplatform.asf.cache.memcached.CacheUtil -  add memcachedClient config :mclient0
2015-09-30 20:35:40,019 [main] INFO  com.alisoft.xplatform.asf.cache.memcached.CacheUtil -  add memcachedClient config :mclient1
2015-09-30 20:35:40,019 [main] INFO  com.alisoft.xplatform.asf.cache.memcached.CacheUtil -  add memcachedClient config :mclient2
2015-09-30 20:35:40,019 [main] INFO  com.alisoft.xplatform.asf.cache.memcached.CacheUtil -  add socketpool config :pool0
2015-09-30 20:35:40,020 [main] INFO  com.alisoft.xplatform.asf.cache.memcached.CacheUtil -  add socketpool config :pool1
2015-09-30 20:35:40,020 [main] INFO  com.alisoft.xplatform.asf.cache.memcached.CacheUtil -  add socketpool config :pool2
2015-09-30 20:35:40,020 [main] INFO  com.alisoft.xplatform.asf.cache.memcached.CacheUtil -  add cluster config :cluster1
2015-09-30 20:35:40,021 [main] INFO  com.alisoft.xplatform.asf.cache.memcached.MemcachedCacheManager - load config from :/D:/EclipseWorkspace/zjparent/zjp2p-rpt/target/classes/memcached.xml
2015-09-30 20:35:43,047 [main] INFO  com.alisoft.xplatform.asf.cache.memcached.MemcachedCacheManager -  add socketpool :pool0
2015-09-30 20:35:46,051 [main] INFO  com.alisoft.xplatform.asf.cache.memcached.MemcachedCacheManager -  add socketpool :pool1
2015-09-30 20:35:49,054 [main] INFO  com.alisoft.xplatform.asf.cache.memcached.MemcachedCacheManager -  add socketpool :pool2
2015-09-30 20:35:49,064 [main] INFO  com.alisoft.xplatform.asf.cache.impl.DefaultCacheImpl - DefaultCache CheckService is start!
2015-09-30 20:35:49,076 [main] INFO  com.alisoft.xplatform.asf.cache.impl.DefaultCacheImpl - DefaultCache CheckService is start!
2015-09-30 20:35:49,078 [main] INFO  com.alisoft.xplatform.asf.cache.memcached.MemcachedCacheManager -  add memcachedClient :mclient0
2015-09-30 20:35:49,079 [main] INFO  com.alisoft.xplatform.asf.cache.impl.DefaultCacheImpl - DefaultCache CheckService is start!
2015-09-30 20:35:49,080 [main] INFO  com.alisoft.xplatform.asf.cache.impl.DefaultCacheImpl - DefaultCache CheckService is start!
2015-09-30 20:35:49,081 [main] INFO  com.alisoft.xplatform.asf.cache.memcached.MemcachedCacheManager -  add memcachedClient :mclient1
2015-09-30 20:35:49,081 [main] INFO  com.alisoft.xplatform.asf.cache.impl.DefaultCacheImpl - DefaultCache CheckService is start!
2015-09-30 20:35:49,082 [main] INFO  com.alisoft.xplatform.asf.cache.impl.DefaultCacheImpl - DefaultCache CheckService is start!
2015-09-30 20:35:49,083 [main] INFO  com.alisoft.xplatform.asf.cache.memcached.MemcachedCacheManager -  add memcachedClient :mclient2
2015-09-30 20:35:49,084 [main] WARN  CacheAdminFactory.class - ++++++++++cacheClient init++++++++++
2015-09-30 20:35:49,086 [main] INFO  MemcachedClient.class - +++call MemcachedClient default constructor
2015-09-30 20:35:49,086 [main] INFO  CacheAdminFactory.class - get memcached CacheClient 
2015-09-30 20:35:49,104 [main] DEBUG org.mybatis.spring.SqlSessionFactoryBean - Parsed mapper file: 'URL [jar:file:/D:/mvnrep/com/zjgt/p2p/zjp2p-system/1.0-SNAPSHOT/zjp2p-system-1.0-SNAPSHOT.jar!/com/zjgt/p2p/map/base/AreaDao.xml]'
2015-09-30 20:35:49,156 [main] DEBUG org.mybatis.spring.SqlSessionFactoryBean - Parsed mapper file: 'URL [jar:file:/D:/mvnrep/com/zjgt/p2p/zjp2p-system/1.0-SNAPSHOT/zjp2p-system-1.0-SNAPSHOT.jar!/com/zjgt/p2p/map/base/CodeInfoDao.xml]'
2015-09-30 20:35:49,179 [main] DEBUG org.mybatis.spring.SqlSessionFactoryBean - Parsed mapper file: 'URL [jar:file:/D:/mvnrep/com/zjgt/p2p/zjp2p-system/1.0-SNAPSHOT/zjp2p-system-1.0-SNAPSHOT.jar!/com/zjgt/p2p/map/base/CountryDao.xml]'
2015-09-30 20:35:49,201 [main] DEBUG org.mybatis.spring.SqlSessionFactoryBean - Parsed mapper file: 'URL [jar:file:/D:/mvnrep/com/zjgt/p2p/zjp2p-system/1.0-SNAPSHOT/zjp2p-system-1.0-SNAPSHOT.jar!/com/zjgt/p2p/map/base/ErrorLogMonitorDao.xml]'
2015-09-30 20:35:49,216 [main] DEBUG org.mybatis.spring.SqlSessionFactoryBean - Parsed mapper file: 'URL [jar:file:/D:/mvnrep/com/zjgt/p2p/zjp2p-system/1.0-SNAPSHOT/zjp2p-system-1.0-SNAPSHOT.jar!/com/zjgt/p2p/map/base/LoginLocaleDao.xml]'
2015-09-30 20:35:49,236 [main] DEBUG org.mybatis.spring.SqlSessionFactoryBean - Parsed mapper file: 'URL [jar:file:/D:/mvnrep/com/zjgt/p2p/zjp2p-system/1.0-SNAPSHOT/zjp2p-system-1.0-SNAPSHOT.jar!/com/zjgt/p2p/map/base/MenuDao.xml]'
2015-09-30 20:35:49,271 [main] DEBUG org.mybatis.spring.SqlSessionFactoryBean - Parsed mapper file: 'URL [jar:file:/D:/mvnrep/com/zjgt/p2p/zjp2p-system/1.0-SNAPSHOT/zjp2p-system-1.0-SNAPSHOT.jar!/com/zjgt/p2p/map/base/ModuleDao.xml]'
2015-09-30 20:35:49,288 [main] DEBUG org.mybatis.spring.SqlSessionFactoryBean - Parsed mapper file: 'URL [jar:file:/D:/mvnrep/com/zjgt/p2p/zjp2p-system/1.0-SNAPSHOT/zjp2p-system-1.0-SNAPSHOT.jar!/com/zjgt/p2p/map/base/OrganizationDao.xml]'
2015-09-30 20:35:49,305 [main] DEBUG org.mybatis.spring.SqlSessionFactoryBean - Parsed mapper file: 'URL [jar:file:/D:/mvnrep/com/zjgt/p2p/zjp2p-system/1.0-SNAPSHOT/zjp2p-system-1.0-SNAPSHOT.jar!/com/zjgt/p2p/map/base/ParamDao.xml]'
2015-09-30 20:35:49,335 [main] DEBUG org.mybatis.spring.SqlSessionFactoryBean - Parsed mapper file: 'URL [jar:file:/D:/mvnrep/com/zjgt/p2p/zjp2p-system/1.0-SNAPSHOT/zjp2p-system-1.0-SNAPSHOT.jar!/com/zjgt/p2p/map/base/RoleDao.xml]'
2015-09-30 20:35:49,350 [main] DEBUG org.mybatis.spring.SqlSessionFactoryBean - Parsed mapper file: 'URL [jar:file:/D:/mvnrep/com/zjgt/p2p/zjp2p-system/1.0-SNAPSHOT/zjp2p-system-1.0-SNAPSHOT.jar!/com/zjgt/p2p/map/base/SerialDao.xml]'
2015-09-30 20:35:49,395 [main] DEBUG org.mybatis.spring.SqlSessionFactoryBean - Parsed mapper file: 'URL [jar:file:/D:/mvnrep/com/zjgt/p2p/zjp2p-system/1.0-SNAPSHOT/zjp2p-system-1.0-SNAPSHOT.jar!/com/zjgt/p2p/map/base/StaffDao.xml]'
2015-09-30 20:35:49,414 [main] DEBUG org.mybatis.spring.SqlSessionFactoryBean - Parsed mapper file: 'URL [jar:file:/D:/mvnrep/com/zjgt/p2p/zjp2p-system/1.0-SNAPSHOT/zjp2p-system-1.0-SNAPSHOT.jar!/com/zjgt/p2p/map/base/TransactionDao.xml]'
2015-09-30 20:35:49,435 [main] DEBUG org.mybatis.spring.SqlSessionFactoryBean - Parsed mapper file: 'URL [jar:file:/D:/mvnrep/com/zjgt/p2p/zjp2p-system/1.0-SNAPSHOT/zjp2p-system-1.0-SNAPSHOT.jar!/com/zjgt/p2p/map/base/WebTransDao.xml]'
2015-09-30 20:35:49,470 [main] INFO  org.springfk.pancloud.daoframework.cache.preload.PreloadService - 没有开启预加载！
2015-09-30 20:35:49,521 [main] DEBUG org.mybatis.spring.SqlSessionFactoryBean - Parsed configuration file: 'class path resource [sqlmap.xml]'
2015-09-30 20:35:49,568 [main] DEBUG org.mybatis.spring.SqlSessionFactoryBean - Parsed mapper file: 'file [D:\EclipseWorkspace\zjparent\zjp2p-rpt\target\classes\com\zjgt\p2p\report\map\CpsStatMapper.xml]'
2015-09-30 20:35:49,700 [main] DEBUG org.springframework.jdbc.datasource.DataSourceTransactionManager - Creating new transaction with name [com.zjgt.p2p.service.impl.CpsStatServiceImpl.addCpsStat]: PROPAGATION_REQUIRED,ISOLATION_DEFAULT
2015-09-30 20:35:49,700 [main] DEBUG org.springframework.jdbc.datasource.DataSourceTransactionManager - Acquired Connection [com.alibaba.druid.proxy.jdbc.ConnectionProxyImpl@2944bbd3] for JDBC transaction
2015-09-30 20:35:49,704 [main] DEBUG org.springframework.jdbc.datasource.DataSourceTransactionManager - Switching JDBC Connection [com.alibaba.druid.proxy.jdbc.ConnectionProxyImpl@2944bbd3] to manual commit
2015-09-30 20:35:49,709 [main] DEBUG org.mybatis.spring.SqlSessionUtils - Creating a new SqlSession
2015-09-30 20:35:49,718 [main] DEBUG org.mybatis.spring.SqlSessionUtils - Registering transaction synchronization for SqlSession [org.apache.ibatis.session.defaults.DefaultSqlSession@2fc076fb]
2015-09-30 20:35:49,772 [main] DEBUG org.springframework.jdbc.datasource.DataSourceUtils - Fetching JDBC Connection from DataSource
2015-09-30 20:35:49,773 [main] DEBUG org.springframework.jdbc.datasource.DataSourceUtils - Registering transaction synchronization for JDBC Connection
2015-09-30 20:35:49,773 [main] DEBUG org.mybatis.spring.transaction.SpringManagedTransaction - JDBC Connection [com.alibaba.druid.proxy.jdbc.ConnectionProxyImpl@a0b03] will be managed by Spring
2015-09-30 20:35:49,774 [main] DEBUG com.zjgt.p2p.report.dao.CpsStatMapper.insertSelective - ooo Using Connection [com.alibaba.druid.proxy.jdbc.ConnectionProxyImpl@a0b03]
2015-09-30 20:35:49,778 [main] DEBUG com.zjgt.p2p.report.dao.CpsStatMapper.insertSelective - ==>  Preparing: insert into cpsstat ( cpscode, cpsname ) values ( ?, ? ) 
2015-09-30 20:35:49,829 [main] DEBUG com.zjgt.p2p.report.dao.CpsStatMapper.insertSelective - ==> Parameters: baidu(String), 百度(String)
2015-09-30 20:35:49,854 [main] DEBUG com.zjgt.p2p.report.dao.CpsStatMapper.insertSelective - <==    Updates: 1
2015-09-30 20:35:49,854 [main] DEBUG org.mybatis.spring.SqlSessionUtils - Releasing transactional SqlSession [org.apache.ibatis.session.defaults.DefaultSqlSession@2fc076fb]
2015-09-30 20:35:49,854 [main] DEBUG org.springframework.jdbc.datasource.DataSourceTransactionManager - Initiating transaction commit
2015-09-30 20:35:49,855 [main] DEBUG org.springframework.jdbc.datasource.DataSourceTransactionManager - Committing JDBC transaction on Connection [com.alibaba.druid.proxy.jdbc.ConnectionProxyImpl@2944bbd3]
2015-09-30 20:35:49,856 [main] DEBUG org.mybatis.spring.SqlSessionUtils - Transaction synchronization committing SqlSession [org.apache.ibatis.session.defaults.DefaultSqlSession@2fc076fb]
2015-09-30 20:35:49,856 [main] DEBUG org.mybatis.spring.SqlSessionUtils - Transaction synchronization closing SqlSession [org.apache.ibatis.session.defaults.DefaultSqlSession@2fc076fb]
2015-09-30 20:35:49,856 [main] DEBUG org.springframework.jdbc.datasource.DataSourceUtils - Returning JDBC Connection to DataSource
2015-09-30 20:35:49,857 [main] DEBUG org.springframework.jdbc.datasource.DataSourceTransactionManager - Releasing JDBC Connection [com.alibaba.druid.proxy.jdbc.ConnectionProxyImpl@2944bbd3] after transaction
2015-09-30 20:35:49,857 [main] DEBUG org.springframework.jdbc.datasource.DataSourceUtils - Returning JDBC Connection to DataSource
2015-09-30 20:35:49,859 [Thread-7] INFO  org.springframework.context.support.GenericApplicationContext - Closing org.springframework.context.support.GenericApplicationContext@612c6051: startup date [Wed Sep 30 20:35:38 CST 2015]; root of context hierarchy
2015-09-30 20:35:49,860 [Thread-7] INFO  org.springframework.beans.factory.support.DefaultListableBeanFactory - Destroying singletons in org.springframework.beans.factory.support.DefaultListableBeanFactory@2dbf20f6: defining beans [org.springframework.context.annotation.internalConfigurationAnnotationProcessor,org.springframework.context.annotation.internalAutowiredAnnotationProcessor,org.springframework.context.annotation.internalRequiredAnnotationProcessor,org.springframework.context.annotation.internalCommonAnnotationProcessor,ArticlecategoryService,articleService,cpsStatService,asyncService,activityLogService,areaService,codeInfoService,countryService,errorLogMonitorService,loginLocaleService,menuService,moduleService,organizationService,paramService,roleService,serialService,staffAccountService,transactionService,webTransService,validator,propertiesUtils,springContextUtil,preloadService,cacheAdminFactory,cacheClient,org.springframework.context.support.PropertySourcesPlaceholderConfigurer#0,dataSource,sqlSessionFactory,org.mybatis.spring.mapper.MapperScannerConfigurer#0,transactionManager,org.springframework.aop.config.internalAutoProxyCreator,org.springframework.transaction.annotation.AnnotationTransactionAttributeSource#0,org.springframework.transaction.interceptor.TransactionInterceptor#0,org.springframework.transaction.config.internalTransactionAdvisor,transactionAdvice,transactionPointcut,org.springframework.aop.support.DefaultBeanFactoryPointcutAdvisor#0,druid-stat-interceptor,druid-stat-pointcut,org.springframework.aop.support.DefaultBeanFactoryPointcutAdvisor#1,dataSource_rpt,rpt_sqlSessionFactory,org.mybatis.spring.mapper.MapperScannerConfigurer#1,org.springframework.context.annotation.ConfigurationClassPostProcessor.importAwareProcessor,articlecategoryMapper,articleMapper,articletagMapper,tagMapper,activityLogDao,areaDao,codeInfoDao,countryDao,errorLogMonitorDao,loginLocaleDao,menuDao,moduleDao,organizationDao,paramDao,roleDao,serialDao,staffDao,transactionDao,webTransDao,cpsStatMapper]; root of factory hierarchy
