2015-10-08 13:08:02,809 [main] INFO  org.springframework.beans.factory.xml.XmlBeanDefinitionReader - Loading XML bean definitions from class path resource [applicationContext.xml]
2015-10-08 13:08:03,082 [main] INFO  org.springframework.beans.factory.xml.XmlBeanDefinitionReader - Loading XML bean definitions from class path resource [applicationContext-mybatis.xml]
2015-10-08 13:08:03,177 [main] INFO  org.springframework.context.support.GenericApplicationContext - Refreshing org.springframework.context.support.GenericApplicationContext@3aa3defc: startup date [Thu Oct 08 13:08:03 CST 2015]; root of context hierarchy
2015-10-08 13:08:03,310 [main] DEBUG org.mybatis.spring.mapper.ClassPathMapperScanner - Identified candidate component class: file [D:\EclipseWorkspace\zjparent\zjp2p-rpt\target\classes\com\zjgt\p2p\article\dao\ArticlecategoryMapper.class]
2015-10-08 13:08:03,311 [main] DEBUG org.mybatis.spring.mapper.ClassPathMapperScanner - Identified candidate component class: file [D:\EclipseWorkspace\zjparent\zjp2p-rpt\target\classes\com\zjgt\p2p\article\dao\ArticleMapper.class]
2015-10-08 13:08:03,311 [main] DEBUG org.mybatis.spring.mapper.ClassPathMapperScanner - Identified candidate component class: file [D:\EclipseWorkspace\zjparent\zjp2p-rpt\target\classes\com\zjgt\p2p\article\dao\ArticletagMapper.class]
2015-10-08 13:08:03,311 [main] DEBUG org.mybatis.spring.mapper.ClassPathMapperScanner - Identified candidate component class: file [D:\EclipseWorkspace\zjparent\zjp2p-rpt\target\classes\com\zjgt\p2p\article\dao\TagMapper.class]
2015-10-08 13:08:03,314 [main] DEBUG org.mybatis.spring.mapper.ClassPathMapperScanner - Identified candidate component class: URL [jar:file:/D:/mvnrep/com/zjgt/p2p/zjp2p-system/1.0-SNAPSHOT/zjp2p-system-1.0-SNAPSHOT.jar!/com/zjgt/p2p/base/dao/ActivityLogDao.class]
2015-10-08 13:08:03,315 [main] DEBUG org.mybatis.spring.mapper.ClassPathMapperScanner - Identified candidate component class: URL [jar:file:/D:/mvnrep/com/zjgt/p2p/zjp2p-system/1.0-SNAPSHOT/zjp2p-system-1.0-SNAPSHOT.jar!/com/zjgt/p2p/base/dao/AreaDao.class]
2015-10-08 13:08:03,315 [main] DEBUG org.mybatis.spring.mapper.ClassPathMapperScanner - Identified candidate component class: URL [jar:file:/D:/mvnrep/com/zjgt/p2p/zjp2p-system/1.0-SNAPSHOT/zjp2p-system-1.0-SNAPSHOT.jar!/com/zjgt/p2p/base/dao/CodeInfoDao.class]
2015-10-08 13:08:03,316 [main] DEBUG org.mybatis.spring.mapper.ClassPathMapperScanner - Identified candidate component class: URL [jar:file:/D:/mvnrep/com/zjgt/p2p/zjp2p-system/1.0-SNAPSHOT/zjp2p-system-1.0-SNAPSHOT.jar!/com/zjgt/p2p/base/dao/CountryDao.class]
2015-10-08 13:08:03,316 [main] DEBUG org.mybatis.spring.mapper.ClassPathMapperScanner - Identified candidate component class: URL [jar:file:/D:/mvnrep/com/zjgt/p2p/zjp2p-system/1.0-SNAPSHOT/zjp2p-system-1.0-SNAPSHOT.jar!/com/zjgt/p2p/base/dao/ErrorLogMonitorDao.class]
2015-10-08 13:08:03,317 [main] DEBUG org.mybatis.spring.mapper.ClassPathMapperScanner - Identified candidate component class: URL [jar:file:/D:/mvnrep/com/zjgt/p2p/zjp2p-system/1.0-SNAPSHOT/zjp2p-system-1.0-SNAPSHOT.jar!/com/zjgt/p2p/base/dao/LoginLocaleDao.class]
2015-10-08 13:08:03,317 [main] DEBUG org.mybatis.spring.mapper.ClassPathMapperScanner - Identified candidate component class: URL [jar:file:/D:/mvnrep/com/zjgt/p2p/zjp2p-system/1.0-SNAPSHOT/zjp2p-system-1.0-SNAPSHOT.jar!/com/zjgt/p2p/base/dao/MenuDao.class]
2015-10-08 13:08:03,317 [main] DEBUG org.mybatis.spring.mapper.ClassPathMapperScanner - Identified candidate component class: URL [jar:file:/D:/mvnrep/com/zjgt/p2p/zjp2p-system/1.0-SNAPSHOT/zjp2p-system-1.0-SNAPSHOT.jar!/com/zjgt/p2p/base/dao/ModuleDao.class]
2015-10-08 13:08:03,318 [main] DEBUG org.mybatis.spring.mapper.ClassPathMapperScanner - Identified candidate component class: URL [jar:file:/D:/mvnrep/com/zjgt/p2p/zjp2p-system/1.0-SNAPSHOT/zjp2p-system-1.0-SNAPSHOT.jar!/com/zjgt/p2p/base/dao/OrganizationDao.class]
2015-10-08 13:08:03,318 [main] DEBUG org.mybatis.spring.mapper.ClassPathMapperScanner - Identified candidate component class: URL [jar:file:/D:/mvnrep/com/zjgt/p2p/zjp2p-system/1.0-SNAPSHOT/zjp2p-system-1.0-SNAPSHOT.jar!/com/zjgt/p2p/base/dao/ParamDao.class]
2015-10-08 13:08:03,319 [main] DEBUG org.mybatis.spring.mapper.ClassPathMapperScanner - Identified candidate component class: URL [jar:file:/D:/mvnrep/com/zjgt/p2p/zjp2p-system/1.0-SNAPSHOT/zjp2p-system-1.0-SNAPSHOT.jar!/com/zjgt/p2p/base/dao/RoleDao.class]
2015-10-08 13:08:03,319 [main] DEBUG org.mybatis.spring.mapper.ClassPathMapperScanner - Identified candidate component class: URL [jar:file:/D:/mvnrep/com/zjgt/p2p/zjp2p-system/1.0-SNAPSHOT/zjp2p-system-1.0-SNAPSHOT.jar!/com/zjgt/p2p/base/dao/SerialDao.class]
2015-10-08 13:08:03,319 [main] DEBUG org.mybatis.spring.mapper.ClassPathMapperScanner - Identified candidate component class: URL [jar:file:/D:/mvnrep/com/zjgt/p2p/zjp2p-system/1.0-SNAPSHOT/zjp2p-system-1.0-SNAPSHOT.jar!/com/zjgt/p2p/base/dao/StaffDao.class]
2015-10-08 13:08:03,320 [main] DEBUG org.mybatis.spring.mapper.ClassPathMapperScanner - Identified candidate component class: URL [jar:file:/D:/mvnrep/com/zjgt/p2p/zjp2p-system/1.0-SNAPSHOT/zjp2p-system-1.0-SNAPSHOT.jar!/com/zjgt/p2p/base/dao/TransactionDao.class]
2015-10-08 13:08:03,320 [main] DEBUG org.mybatis.spring.mapper.ClassPathMapperScanner - Identified candidate component class: URL [jar:file:/D:/mvnrep/com/zjgt/p2p/zjp2p-system/1.0-SNAPSHOT/zjp2p-system-1.0-SNAPSHOT.jar!/com/zjgt/p2p/base/dao/WebTransDao.class]
2015-10-08 13:08:03,322 [main] DEBUG org.mybatis.spring.mapper.ClassPathMapperScanner - Creating MapperFactoryBean with name 'articlecategoryMapper' and 'com.zjgt.p2p.article.dao.ArticlecategoryMapper' mapperInterface
2015-10-08 13:08:03,323 [main] DEBUG org.mybatis.spring.mapper.ClassPathMapperScanner - Creating MapperFactoryBean with name 'articleMapper' and 'com.zjgt.p2p.article.dao.ArticleMapper' mapperInterface
2015-10-08 13:08:03,323 [main] DEBUG org.mybatis.spring.mapper.ClassPathMapperScanner - Creating MapperFactoryBean with name 'articletagMapper' and 'com.zjgt.p2p.article.dao.ArticletagMapper' mapperInterface
2015-10-08 13:08:03,323 [main] DEBUG org.mybatis.spring.mapper.ClassPathMapperScanner - Creating MapperFactoryBean with name 'tagMapper' and 'com.zjgt.p2p.article.dao.TagMapper' mapperInterface
2015-10-08 13:08:03,323 [main] DEBUG org.mybatis.spring.mapper.ClassPathMapperScanner - Creating MapperFactoryBean with name 'activityLogDao' and 'com.zjgt.p2p.base.dao.ActivityLogDao' mapperInterface
2015-10-08 13:08:03,323 [main] DEBUG org.mybatis.spring.mapper.ClassPathMapperScanner - Creating MapperFactoryBean with name 'areaDao' and 'com.zjgt.p2p.base.dao.AreaDao' mapperInterface
2015-10-08 13:08:03,323 [main] DEBUG org.mybatis.spring.mapper.ClassPathMapperScanner - Creating MapperFactoryBean with name 'codeInfoDao' and 'com.zjgt.p2p.base.dao.CodeInfoDao' mapperInterface
2015-10-08 13:08:03,323 [main] DEBUG org.mybatis.spring.mapper.ClassPathMapperScanner - Creating MapperFactoryBean with name 'countryDao' and 'com.zjgt.p2p.base.dao.CountryDao' mapperInterface
2015-10-08 13:08:03,323 [main] DEBUG org.mybatis.spring.mapper.ClassPathMapperScanner - Creating MapperFactoryBean with name 'errorLogMonitorDao' and 'com.zjgt.p2p.base.dao.ErrorLogMonitorDao' mapperInterface
2015-10-08 13:08:03,324 [main] DEBUG org.mybatis.spring.mapper.ClassPathMapperScanner - Creating MapperFactoryBean with name 'loginLocaleDao' and 'com.zjgt.p2p.base.dao.LoginLocaleDao' mapperInterface
2015-10-08 13:08:03,324 [main] DEBUG org.mybatis.spring.mapper.ClassPathMapperScanner - Creating MapperFactoryBean with name 'menuDao' and 'com.zjgt.p2p.base.dao.MenuDao' mapperInterface
2015-10-08 13:08:03,324 [main] DEBUG org.mybatis.spring.mapper.ClassPathMapperScanner - Creating MapperFactoryBean with name 'moduleDao' and 'com.zjgt.p2p.base.dao.ModuleDao' mapperInterface
2015-10-08 13:08:03,324 [main] DEBUG org.mybatis.spring.mapper.ClassPathMapperScanner - Creating MapperFactoryBean with name 'organizationDao' and 'com.zjgt.p2p.base.dao.OrganizationDao' mapperInterface
2015-10-08 13:08:03,324 [main] DEBUG org.mybatis.spring.mapper.ClassPathMapperScanner - Creating MapperFactoryBean with name 'paramDao' and 'com.zjgt.p2p.base.dao.ParamDao' mapperInterface
2015-10-08 13:08:03,324 [main] DEBUG org.mybatis.spring.mapper.ClassPathMapperScanner - Creating MapperFactoryBean with name 'roleDao' and 'com.zjgt.p2p.base.dao.RoleDao' mapperInterface
2015-10-08 13:08:03,324 [main] DEBUG org.mybatis.spring.mapper.ClassPathMapperScanner - Creating MapperFactoryBean with name 'serialDao' and 'com.zjgt.p2p.base.dao.SerialDao' mapperInterface
2015-10-08 13:08:03,324 [main] DEBUG org.mybatis.spring.mapper.ClassPathMapperScanner - Creating MapperFactoryBean with name 'staffDao' and 'com.zjgt.p2p.base.dao.StaffDao' mapperInterface
2015-10-08 13:08:03,324 [main] DEBUG org.mybatis.spring.mapper.ClassPathMapperScanner - Creating MapperFactoryBean with name 'transactionDao' and 'com.zjgt.p2p.base.dao.TransactionDao' mapperInterface
2015-10-08 13:08:03,324 [main] DEBUG org.mybatis.spring.mapper.ClassPathMapperScanner - Creating MapperFactoryBean with name 'webTransDao' and 'com.zjgt.p2p.base.dao.WebTransDao' mapperInterface
2015-10-08 13:08:03,325 [main] DEBUG org.mybatis.spring.mapper.ClassPathMapperScanner - Identified candidate component class: file [D:\EclipseWorkspace\zjparent\zjp2p-rpt\target\classes\com\zjgt\p2p\report\dao\CpsStatMapper.class]
2015-10-08 13:08:03,326 [main] DEBUG org.mybatis.spring.mapper.ClassPathMapperScanner - Creating MapperFactoryBean with name 'cpsStatMapper' and 'com.zjgt.p2p.report.dao.CpsStatMapper' mapperInterface
2015-10-08 13:08:03,327 [main] DEBUG org.mybatis.spring.mapper.ClassPathMapperScanner - Identified candidate component class: file [D:\EclipseWorkspace\zjparent\zjp2p-rpt\target\classes\com\zjgt\p2p\report\dao\CpsStatMapper.class]
2015-10-08 13:08:03,327 [main] WARN  org.mybatis.spring.mapper.ClassPathMapperScanner - Skipping MapperFactoryBean with name 'cpsStatMapper' and 'com.zjgt.p2p.report.dao.CpsStatMapper' mapperInterface. Bean already defined with the same name!
2015-10-08 13:08:03,328 [main] WARN  org.mybatis.spring.mapper.ClassPathMapperScanner - No MyBatis mapper was found in '[com.zjgt.p2p.report.dao, com.zjgt.p2p.crm.dao]' package. Please check your configuration.
2015-10-08 13:08:03,340 [main] INFO  org.springframework.context.support.PropertySourcesPlaceholderConfigurer - Loading properties file from class path resource [config.properties]
2015-10-08 13:08:03,384 [main] INFO  org.springframework.beans.factory.support.DefaultListableBeanFactory - Pre-instantiating singletons in org.springframework.beans.factory.support.DefaultListableBeanFactory@1a8d8008: defining beans [org.springframework.context.annotation.internalConfigurationAnnotationProcessor,org.springframework.context.annotation.internalAutowiredAnnotationProcessor,org.springframework.context.annotation.internalRequiredAnnotationProcessor,org.springframework.context.annotation.internalCommonAnnotationProcessor,ArticlecategoryService,articleService,cpsAnalysisService,cpsStatService,asyncService,activityLogService,areaService,codeInfoService,countryService,errorLogMonitorService,loginLocaleService,menuService,moduleService,organizationService,paramService,roleService,serialService,staffAccountService,transactionService,webTransService,validator,propertiesUtils,springContextUtil,preloadService,cacheAdminFactory,cacheClient,org.springframework.context.support.PropertySourcesPlaceholderConfigurer#0,dataSource,sqlSessionFactory,org.mybatis.spring.mapper.MapperScannerConfigurer#0,transactionManager,org.springframework.aop.config.internalAutoProxyCreator,org.springframework.transaction.annotation.AnnotationTransactionAttributeSource#0,org.springframework.transaction.interceptor.TransactionInterceptor#0,org.springframework.transaction.config.internalTransactionAdvisor,transactionAdvice,transactionPointcut,org.springframework.aop.support.DefaultBeanFactoryPointcutAdvisor#0,druid-stat-interceptor,druid-stat-pointcut,org.springframework.aop.support.DefaultBeanFactoryPointcutAdvisor#1,dataSource_rpt,rpt_sqlSessionFactory,org.mybatis.spring.mapper.MapperScannerConfigurer#1,dataSource_source,source_sqlSessionFactory,org.mybatis.spring.mapper.MapperScannerConfigurer#2,org.springframework.context.annotation.ConfigurationClassPostProcessor.importAwareProcessor,articlecategoryMapper,articleMapper,articletagMapper,tagMapper,activityLogDao,areaDao,codeInfoDao,countryDao,errorLogMonitorDao,loginLocaleDao,menuDao,moduleDao,organizationDao,paramDao,roleDao,serialDao,staffDao,transactionDao,webTransDao,cpsStatMapper]; root of factory hierarchy
2015-10-08 13:08:03,579 [main] DEBUG org.apache.ibatis.logging.LogFactory - Logging initialized using 'class org.apache.ibatis.logging.slf4j.Slf4jImpl' adapter.
2015-10-08 13:08:03,916 [main] DEBUG org.mybatis.spring.SqlSessionFactoryBean - Parsed configuration file: 'class path resource [sqlmap.xml]'
2015-10-08 13:08:04,129 [main] DEBUG org.mybatis.spring.SqlSessionFactoryBean - Parsed mapper file: 'file [D:\EclipseWorkspace\zjparent\zjp2p-rpt\target\classes\com\zjgt\p2p\map\ArticlecategoryMapper.xml]'
2015-10-08 13:08:04,182 [main] DEBUG org.mybatis.spring.SqlSessionFactoryBean - Parsed mapper file: 'file [D:\EclipseWorkspace\zjparent\zjp2p-rpt\target\classes\com\zjgt\p2p\map\ArticleMapper.xml]'
2015-10-08 13:08:04,202 [main] DEBUG org.mybatis.spring.SqlSessionFactoryBean - Parsed mapper file: 'file [D:\EclipseWorkspace\zjparent\zjp2p-rpt\target\classes\com\zjgt\p2p\map\ArticletagMapper.xml]'
2015-10-08 13:08:04,219 [main] DEBUG org.mybatis.spring.SqlSessionFactoryBean - Parsed mapper file: 'URL [jar:file:/D:/mvnrep/com/zjgt/p2p/zjp2p-system/1.0-SNAPSHOT/zjp2p-system-1.0-SNAPSHOT.jar!/com/zjgt/p2p/map/base/ActivityLogDao.xml]'
2015-10-08 13:08:04,234 [main] INFO  CacheAdminFactory.class - call CacheAdminFactory getInstance with no args
2015-10-08 13:08:04,235 [main] INFO  CacheAdminFactory.class - call CacheAdminFactory default constructor
2015-10-08 13:08:04,238 [main] INFO  CacheAdminFactory.class - init memcached config file is memcached.xml
2015-10-08 13:08:04,238 [main] INFO  MemcachedManager.class - +++++isStart is false Start manager+++++
2015-10-08 13:08:04,238 [main] INFO  MemcachedManager.class - +++++use config file+++++memcached.xml
2015-10-08 13:08:04,255 [main] INFO  com.alisoft.xplatform.asf.cache.impl.DefaultCacheImpl - DefaultCache CheckService is start!
2015-10-08 13:08:04,296 [main] INFO  com.alisoft.xplatform.asf.cache.memcached.CacheUtil -  add memcachedClient config :mclient0
2015-10-08 13:08:04,297 [main] INFO  com.alisoft.xplatform.asf.cache.memcached.CacheUtil -  add memcachedClient config :mclient1
2015-10-08 13:08:04,297 [main] INFO  com.alisoft.xplatform.asf.cache.memcached.CacheUtil -  add memcachedClient config :mclient2
2015-10-08 13:08:04,298 [main] INFO  com.alisoft.xplatform.asf.cache.memcached.CacheUtil -  add socketpool config :pool0
2015-10-08 13:08:04,298 [main] INFO  com.alisoft.xplatform.asf.cache.memcached.CacheUtil -  add socketpool config :pool1
2015-10-08 13:08:04,298 [main] INFO  com.alisoft.xplatform.asf.cache.memcached.CacheUtil -  add socketpool config :pool2
2015-10-08 13:08:04,298 [main] INFO  com.alisoft.xplatform.asf.cache.memcached.CacheUtil -  add cluster config :cluster1
2015-10-08 13:08:04,299 [main] INFO  com.alisoft.xplatform.asf.cache.memcached.MemcachedCacheManager - load config from :/D:/EclipseWorkspace/zjparent/zjp2p-rpt/target/classes/memcached.xml
2015-10-08 13:08:07,325 [main] INFO  com.alisoft.xplatform.asf.cache.memcached.MemcachedCacheManager -  add socketpool :pool0
2015-10-08 13:08:10,328 [main] INFO  com.alisoft.xplatform.asf.cache.memcached.MemcachedCacheManager -  add socketpool :pool1
2015-10-08 13:08:13,331 [main] INFO  com.alisoft.xplatform.asf.cache.memcached.MemcachedCacheManager -  add socketpool :pool2
2015-10-08 13:08:13,335 [main] INFO  com.alisoft.xplatform.asf.cache.impl.DefaultCacheImpl - DefaultCache CheckService is start!
2015-10-08 13:08:13,340 [main] INFO  com.alisoft.xplatform.asf.cache.impl.DefaultCacheImpl - DefaultCache CheckService is start!
2015-10-08 13:08:13,341 [main] INFO  com.alisoft.xplatform.asf.cache.memcached.MemcachedCacheManager -  add memcachedClient :mclient0
2015-10-08 13:08:13,342 [main] INFO  com.alisoft.xplatform.asf.cache.impl.DefaultCacheImpl - DefaultCache CheckService is start!
2015-10-08 13:08:13,342 [main] INFO  com.alisoft.xplatform.asf.cache.impl.DefaultCacheImpl - DefaultCache CheckService is start!
2015-10-08 13:08:13,342 [main] INFO  com.alisoft.xplatform.asf.cache.memcached.MemcachedCacheManager -  add memcachedClient :mclient1
2015-10-08 13:08:13,342 [main] INFO  com.alisoft.xplatform.asf.cache.impl.DefaultCacheImpl - DefaultCache CheckService is start!
2015-10-08 13:08:13,343 [main] INFO  com.alisoft.xplatform.asf.cache.impl.DefaultCacheImpl - DefaultCache CheckService is start!
2015-10-08 13:08:13,343 [main] INFO  com.alisoft.xplatform.asf.cache.memcached.MemcachedCacheManager -  add memcachedClient :mclient2
2015-10-08 13:08:13,344 [main] WARN  CacheAdminFactory.class - ++++++++++cacheClient init++++++++++
2015-10-08 13:08:13,344 [main] INFO  MemcachedClient.class - +++call MemcachedClient default constructor
2015-10-08 13:08:13,344 [main] INFO  CacheAdminFactory.class - get memcached CacheClient 
2015-10-08 13:08:13,371 [main] DEBUG org.mybatis.spring.SqlSessionFactoryBean - Parsed mapper file: 'URL [jar:file:/D:/mvnrep/com/zjgt/p2p/zjp2p-system/1.0-SNAPSHOT/zjp2p-system-1.0-SNAPSHOT.jar!/com/zjgt/p2p/map/base/AreaDao.xml]'
2015-10-08 13:08:13,405 [main] DEBUG org.mybatis.spring.SqlSessionFactoryBean - Parsed mapper file: 'URL [jar:file:/D:/mvnrep/com/zjgt/p2p/zjp2p-system/1.0-SNAPSHOT/zjp2p-system-1.0-SNAPSHOT.jar!/com/zjgt/p2p/map/base/CodeInfoDao.xml]'
2015-10-08 13:08:13,419 [main] DEBUG org.mybatis.spring.SqlSessionFactoryBean - Parsed mapper file: 'URL [jar:file:/D:/mvnrep/com/zjgt/p2p/zjp2p-system/1.0-SNAPSHOT/zjp2p-system-1.0-SNAPSHOT.jar!/com/zjgt/p2p/map/base/CountryDao.xml]'
2015-10-08 13:08:13,441 [main] DEBUG org.mybatis.spring.SqlSessionFactoryBean - Parsed mapper file: 'URL [jar:file:/D:/mvnrep/com/zjgt/p2p/zjp2p-system/1.0-SNAPSHOT/zjp2p-system-1.0-SNAPSHOT.jar!/com/zjgt/p2p/map/base/ErrorLogMonitorDao.xml]'
2015-10-08 13:08:13,459 [main] DEBUG org.mybatis.spring.SqlSessionFactoryBean - Parsed mapper file: 'URL [jar:file:/D:/mvnrep/com/zjgt/p2p/zjp2p-system/1.0-SNAPSHOT/zjp2p-system-1.0-SNAPSHOT.jar!/com/zjgt/p2p/map/base/LoginLocaleDao.xml]'
2015-10-08 13:08:13,480 [main] DEBUG org.mybatis.spring.SqlSessionFactoryBean - Parsed mapper file: 'URL [jar:file:/D:/mvnrep/com/zjgt/p2p/zjp2p-system/1.0-SNAPSHOT/zjp2p-system-1.0-SNAPSHOT.jar!/com/zjgt/p2p/map/base/MenuDao.xml]'
2015-10-08 13:08:13,503 [main] DEBUG org.mybatis.spring.SqlSessionFactoryBean - Parsed mapper file: 'URL [jar:file:/D:/mvnrep/com/zjgt/p2p/zjp2p-system/1.0-SNAPSHOT/zjp2p-system-1.0-SNAPSHOT.jar!/com/zjgt/p2p/map/base/ModuleDao.xml]'
2015-10-08 13:08:13,522 [main] DEBUG org.mybatis.spring.SqlSessionFactoryBean - Parsed mapper file: 'URL [jar:file:/D:/mvnrep/com/zjgt/p2p/zjp2p-system/1.0-SNAPSHOT/zjp2p-system-1.0-SNAPSHOT.jar!/com/zjgt/p2p/map/base/OrganizationDao.xml]'
2015-10-08 13:08:13,560 [main] DEBUG org.mybatis.spring.SqlSessionFactoryBean - Parsed mapper file: 'URL [jar:file:/D:/mvnrep/com/zjgt/p2p/zjp2p-system/1.0-SNAPSHOT/zjp2p-system-1.0-SNAPSHOT.jar!/com/zjgt/p2p/map/base/ParamDao.xml]'
2015-10-08 13:08:13,590 [main] DEBUG org.mybatis.spring.SqlSessionFactoryBean - Parsed mapper file: 'URL [jar:file:/D:/mvnrep/com/zjgt/p2p/zjp2p-system/1.0-SNAPSHOT/zjp2p-system-1.0-SNAPSHOT.jar!/com/zjgt/p2p/map/base/RoleDao.xml]'
2015-10-08 13:08:13,606 [main] DEBUG org.mybatis.spring.SqlSessionFactoryBean - Parsed mapper file: 'URL [jar:file:/D:/mvnrep/com/zjgt/p2p/zjp2p-system/1.0-SNAPSHOT/zjp2p-system-1.0-SNAPSHOT.jar!/com/zjgt/p2p/map/base/SerialDao.xml]'
2015-10-08 13:08:13,656 [main] DEBUG org.mybatis.spring.SqlSessionFactoryBean - Parsed mapper file: 'URL [jar:file:/D:/mvnrep/com/zjgt/p2p/zjp2p-system/1.0-SNAPSHOT/zjp2p-system-1.0-SNAPSHOT.jar!/com/zjgt/p2p/map/base/StaffDao.xml]'
2015-10-08 13:08:13,675 [main] DEBUG org.mybatis.spring.SqlSessionFactoryBean - Parsed mapper file: 'URL [jar:file:/D:/mvnrep/com/zjgt/p2p/zjp2p-system/1.0-SNAPSHOT/zjp2p-system-1.0-SNAPSHOT.jar!/com/zjgt/p2p/map/base/TransactionDao.xml]'
2015-10-08 13:08:13,695 [main] DEBUG org.mybatis.spring.SqlSessionFactoryBean - Parsed mapper file: 'URL [jar:file:/D:/mvnrep/com/zjgt/p2p/zjp2p-system/1.0-SNAPSHOT/zjp2p-system-1.0-SNAPSHOT.jar!/com/zjgt/p2p/map/base/WebTransDao.xml]'
2015-10-08 13:08:13,732 [main] INFO  org.springfk.pancloud.daoframework.cache.preload.PreloadService - 没有开启预加载！
2015-10-08 13:08:13,784 [main] DEBUG org.mybatis.spring.SqlSessionFactoryBean - Parsed configuration file: 'class path resource [sqlmap.xml]'
2015-10-08 13:08:13,836 [main] DEBUG org.mybatis.spring.SqlSessionFactoryBean - Parsed mapper file: 'file [D:\EclipseWorkspace\zjparent\zjp2p-rpt\target\classes\com\zjgt\p2p\report\map\CpsStatMapper.xml]'
2015-10-08 13:08:13,859 [main] DEBUG org.mybatis.spring.SqlSessionFactoryBean - Parsed configuration file: 'class path resource [sqlmap.xml]'
2015-10-08 13:14:43,913 [main] INFO  org.springframework.beans.factory.xml.XmlBeanDefinitionReader - Loading XML bean definitions from class path resource [applicationContext.xml]
2015-10-08 13:14:44,171 [main] INFO  org.springframework.beans.factory.xml.XmlBeanDefinitionReader - Loading XML bean definitions from class path resource [applicationContext-mybatis.xml]
2015-10-08 13:14:44,259 [main] INFO  org.springframework.context.support.GenericApplicationContext - Refreshing org.springframework.context.support.GenericApplicationContext@286797ae: startup date [Thu Oct 08 13:14:44 CST 2015]; root of context hierarchy
2015-10-08 13:14:44,390 [main] DEBUG org.mybatis.spring.mapper.ClassPathMapperScanner - Identified candidate component class: file [D:\EclipseWorkspace\zjparent\zjp2p-rpt\target\classes\com\zjgt\p2p\article\dao\ArticlecategoryMapper.class]
2015-10-08 13:14:44,391 [main] DEBUG org.mybatis.spring.mapper.ClassPathMapperScanner - Identified candidate component class: file [D:\EclipseWorkspace\zjparent\zjp2p-rpt\target\classes\com\zjgt\p2p\article\dao\ArticleMapper.class]
2015-10-08 13:14:44,391 [main] DEBUG org.mybatis.spring.mapper.ClassPathMapperScanner - Identified candidate component class: file [D:\EclipseWorkspace\zjparent\zjp2p-rpt\target\classes\com\zjgt\p2p\article\dao\ArticletagMapper.class]
2015-10-08 13:14:44,391 [main] DEBUG org.mybatis.spring.mapper.ClassPathMapperScanner - Identified candidate component class: file [D:\EclipseWorkspace\zjparent\zjp2p-rpt\target\classes\com\zjgt\p2p\article\dao\TagMapper.class]
2015-10-08 13:14:44,394 [main] DEBUG org.mybatis.spring.mapper.ClassPathMapperScanner - Identified candidate component class: URL [jar:file:/D:/mvnrep/com/zjgt/p2p/zjp2p-system/1.0-SNAPSHOT/zjp2p-system-1.0-SNAPSHOT.jar!/com/zjgt/p2p/base/dao/ActivityLogDao.class]
2015-10-08 13:14:44,394 [main] DEBUG org.mybatis.spring.mapper.ClassPathMapperScanner - Identified candidate component class: URL [jar:file:/D:/mvnrep/com/zjgt/p2p/zjp2p-system/1.0-SNAPSHOT/zjp2p-system-1.0-SNAPSHOT.jar!/com/zjgt/p2p/base/dao/AreaDao.class]
2015-10-08 13:14:44,394 [main] DEBUG org.mybatis.spring.mapper.ClassPathMapperScanner - Identified candidate component class: URL [jar:file:/D:/mvnrep/com/zjgt/p2p/zjp2p-system/1.0-SNAPSHOT/zjp2p-system-1.0-SNAPSHOT.jar!/com/zjgt/p2p/base/dao/CodeInfoDao.class]
2015-10-08 13:14:44,395 [main] DEBUG org.mybatis.spring.mapper.ClassPathMapperScanner - Identified candidate component class: URL [jar:file:/D:/mvnrep/com/zjgt/p2p/zjp2p-system/1.0-SNAPSHOT/zjp2p-system-1.0-SNAPSHOT.jar!/com/zjgt/p2p/base/dao/CountryDao.class]
2015-10-08 13:14:44,395 [main] DEBUG org.mybatis.spring.mapper.ClassPathMapperScanner - Identified candidate component class: URL [jar:file:/D:/mvnrep/com/zjgt/p2p/zjp2p-system/1.0-SNAPSHOT/zjp2p-system-1.0-SNAPSHOT.jar!/com/zjgt/p2p/base/dao/ErrorLogMonitorDao.class]
2015-10-08 13:14:44,395 [main] DEBUG org.mybatis.spring.mapper.ClassPathMapperScanner - Identified candidate component class: URL [jar:file:/D:/mvnrep/com/zjgt/p2p/zjp2p-system/1.0-SNAPSHOT/zjp2p-system-1.0-SNAPSHOT.jar!/com/zjgt/p2p/base/dao/LoginLocaleDao.class]
2015-10-08 13:14:44,396 [main] DEBUG org.mybatis.spring.mapper.ClassPathMapperScanner - Identified candidate component class: URL [jar:file:/D:/mvnrep/com/zjgt/p2p/zjp2p-system/1.0-SNAPSHOT/zjp2p-system-1.0-SNAPSHOT.jar!/com/zjgt/p2p/base/dao/MenuDao.class]
2015-10-08 13:14:44,396 [main] DEBUG org.mybatis.spring.mapper.ClassPathMapperScanner - Identified candidate component class: URL [jar:file:/D:/mvnrep/com/zjgt/p2p/zjp2p-system/1.0-SNAPSHOT/zjp2p-system-1.0-SNAPSHOT.jar!/com/zjgt/p2p/base/dao/ModuleDao.class]
2015-10-08 13:14:44,397 [main] DEBUG org.mybatis.spring.mapper.ClassPathMapperScanner - Identified candidate component class: URL [jar:file:/D:/mvnrep/com/zjgt/p2p/zjp2p-system/1.0-SNAPSHOT/zjp2p-system-1.0-SNAPSHOT.jar!/com/zjgt/p2p/base/dao/OrganizationDao.class]
2015-10-08 13:14:44,397 [main] DEBUG org.mybatis.spring.mapper.ClassPathMapperScanner - Identified candidate component class: URL [jar:file:/D:/mvnrep/com/zjgt/p2p/zjp2p-system/1.0-SNAPSHOT/zjp2p-system-1.0-SNAPSHOT.jar!/com/zjgt/p2p/base/dao/ParamDao.class]
2015-10-08 13:14:44,397 [main] DEBUG org.mybatis.spring.mapper.ClassPathMapperScanner - Identified candidate component class: URL [jar:file:/D:/mvnrep/com/zjgt/p2p/zjp2p-system/1.0-SNAPSHOT/zjp2p-system-1.0-SNAPSHOT.jar!/com/zjgt/p2p/base/dao/RoleDao.class]
2015-10-08 13:14:44,398 [main] DEBUG org.mybatis.spring.mapper.ClassPathMapperScanner - Identified candidate component class: URL [jar:file:/D:/mvnrep/com/zjgt/p2p/zjp2p-system/1.0-SNAPSHOT/zjp2p-system-1.0-SNAPSHOT.jar!/com/zjgt/p2p/base/dao/SerialDao.class]
2015-10-08 13:14:44,398 [main] DEBUG org.mybatis.spring.mapper.ClassPathMapperScanner - Identified candidate component class: URL [jar:file:/D:/mvnrep/com/zjgt/p2p/zjp2p-system/1.0-SNAPSHOT/zjp2p-system-1.0-SNAPSHOT.jar!/com/zjgt/p2p/base/dao/StaffDao.class]
2015-10-08 13:14:44,398 [main] DEBUG org.mybatis.spring.mapper.ClassPathMapperScanner - Identified candidate component class: URL [jar:file:/D:/mvnrep/com/zjgt/p2p/zjp2p-system/1.0-SNAPSHOT/zjp2p-system-1.0-SNAPSHOT.jar!/com/zjgt/p2p/base/dao/TransactionDao.class]
2015-10-08 13:14:44,399 [main] DEBUG org.mybatis.spring.mapper.ClassPathMapperScanner - Identified candidate component class: URL [jar:file:/D:/mvnrep/com/zjgt/p2p/zjp2p-system/1.0-SNAPSHOT/zjp2p-system-1.0-SNAPSHOT.jar!/com/zjgt/p2p/base/dao/WebTransDao.class]
2015-10-08 13:14:44,400 [main] DEBUG org.mybatis.spring.mapper.ClassPathMapperScanner - Creating MapperFactoryBean with name 'articlecategoryMapper' and 'com.zjgt.p2p.article.dao.ArticlecategoryMapper' mapperInterface
2015-10-08 13:14:44,402 [main] DEBUG org.mybatis.spring.mapper.ClassPathMapperScanner - Creating MapperFactoryBean with name 'articleMapper' and 'com.zjgt.p2p.article.dao.ArticleMapper' mapperInterface
2015-10-08 13:14:44,402 [main] DEBUG org.mybatis.spring.mapper.ClassPathMapperScanner - Creating MapperFactoryBean with name 'articletagMapper' and 'com.zjgt.p2p.article.dao.ArticletagMapper' mapperInterface
2015-10-08 13:14:44,402 [main] DEBUG org.mybatis.spring.mapper.ClassPathMapperScanner - Creating MapperFactoryBean with name 'tagMapper' and 'com.zjgt.p2p.article.dao.TagMapper' mapperInterface
2015-10-08 13:14:44,402 [main] DEBUG org.mybatis.spring.mapper.ClassPathMapperScanner - Creating MapperFactoryBean with name 'activityLogDao' and 'com.zjgt.p2p.base.dao.ActivityLogDao' mapperInterface
2015-10-08 13:14:44,402 [main] DEBUG org.mybatis.spring.mapper.ClassPathMapperScanner - Creating MapperFactoryBean with name 'areaDao' and 'com.zjgt.p2p.base.dao.AreaDao' mapperInterface
2015-10-08 13:14:44,402 [main] DEBUG org.mybatis.spring.mapper.ClassPathMapperScanner - Creating MapperFactoryBean with name 'codeInfoDao' and 'com.zjgt.p2p.base.dao.CodeInfoDao' mapperInterface
2015-10-08 13:14:44,402 [main] DEBUG org.mybatis.spring.mapper.ClassPathMapperScanner - Creating MapperFactoryBean with name 'countryDao' and 'com.zjgt.p2p.base.dao.CountryDao' mapperInterface
2015-10-08 13:14:44,402 [main] DEBUG org.mybatis.spring.mapper.ClassPathMapperScanner - Creating MapperFactoryBean with name 'errorLogMonitorDao' and 'com.zjgt.p2p.base.dao.ErrorLogMonitorDao' mapperInterface
2015-10-08 13:14:44,402 [main] DEBUG org.mybatis.spring.mapper.ClassPathMapperScanner - Creating MapperFactoryBean with name 'loginLocaleDao' and 'com.zjgt.p2p.base.dao.LoginLocaleDao' mapperInterface
2015-10-08 13:14:44,402 [main] DEBUG org.mybatis.spring.mapper.ClassPathMapperScanner - Creating MapperFactoryBean with name 'menuDao' and 'com.zjgt.p2p.base.dao.MenuDao' mapperInterface
2015-10-08 13:14:44,402 [main] DEBUG org.mybatis.spring.mapper.ClassPathMapperScanner - Creating MapperFactoryBean with name 'moduleDao' and 'com.zjgt.p2p.base.dao.ModuleDao' mapperInterface
2015-10-08 13:14:44,402 [main] DEBUG org.mybatis.spring.mapper.ClassPathMapperScanner - Creating MapperFactoryBean with name 'organizationDao' and 'com.zjgt.p2p.base.dao.OrganizationDao' mapperInterface
2015-10-08 13:14:44,402 [main] DEBUG org.mybatis.spring.mapper.ClassPathMapperScanner - Creating MapperFactoryBean with name 'paramDao' and 'com.zjgt.p2p.base.dao.ParamDao' mapperInterface
2015-10-08 13:14:44,402 [main] DEBUG org.mybatis.spring.mapper.ClassPathMapperScanner - Creating MapperFactoryBean with name 'roleDao' and 'com.zjgt.p2p.base.dao.RoleDao' mapperInterface
2015-10-08 13:14:44,402 [main] DEBUG org.mybatis.spring.mapper.ClassPathMapperScanner - Creating MapperFactoryBean with name 'serialDao' and 'com.zjgt.p2p.base.dao.SerialDao' mapperInterface
2015-10-08 13:14:44,402 [main] DEBUG org.mybatis.spring.mapper.ClassPathMapperScanner - Creating MapperFactoryBean with name 'staffDao' and 'com.zjgt.p2p.base.dao.StaffDao' mapperInterface
2015-10-08 13:14:44,403 [main] DEBUG org.mybatis.spring.mapper.ClassPathMapperScanner - Creating MapperFactoryBean with name 'transactionDao' and 'com.zjgt.p2p.base.dao.TransactionDao' mapperInterface
2015-10-08 13:14:44,403 [main] DEBUG org.mybatis.spring.mapper.ClassPathMapperScanner - Creating MapperFactoryBean with name 'webTransDao' and 'com.zjgt.p2p.base.dao.WebTransDao' mapperInterface
2015-10-08 13:14:44,404 [main] DEBUG org.mybatis.spring.mapper.ClassPathMapperScanner - Identified candidate component class: file [D:\EclipseWorkspace\zjparent\zjp2p-rpt\target\classes\com\zjgt\p2p\report\dao\CpsStatMapper.class]
2015-10-08 13:14:44,404 [main] DEBUG org.mybatis.spring.mapper.ClassPathMapperScanner - Creating MapperFactoryBean with name 'cpsStatMapper' and 'com.zjgt.p2p.report.dao.CpsStatMapper' mapperInterface
2015-10-08 13:14:44,405 [main] DEBUG org.mybatis.spring.mapper.ClassPathMapperScanner - Identified candidate component class: file [D:\EclipseWorkspace\zjparent\zjp2p-rpt\target\classes\com\zjgt\p2p\report\dao\CpsStatMapper.class]
2015-10-08 13:14:44,406 [main] WARN  org.mybatis.spring.mapper.ClassPathMapperScanner - Skipping MapperFactoryBean with name 'cpsStatMapper' and 'com.zjgt.p2p.report.dao.CpsStatMapper' mapperInterface. Bean already defined with the same name!
2015-10-08 13:14:44,407 [main] WARN  org.mybatis.spring.mapper.ClassPathMapperScanner - No MyBatis mapper was found in '[com.zjgt.p2p.report.dao, com.zjgt.p2p.crm.dao]' package. Please check your configuration.
2015-10-08 13:14:44,418 [main] INFO  org.springframework.context.support.PropertySourcesPlaceholderConfigurer - Loading properties file from class path resource [config.properties]
2015-10-08 13:14:44,461 [main] INFO  org.springframework.beans.factory.support.DefaultListableBeanFactory - Pre-instantiating singletons in org.springframework.beans.factory.support.DefaultListableBeanFactory@5f0d0df0: defining beans [org.springframework.context.annotation.internalConfigurationAnnotationProcessor,org.springframework.context.annotation.internalAutowiredAnnotationProcessor,org.springframework.context.annotation.internalRequiredAnnotationProcessor,org.springframework.context.annotation.internalCommonAnnotationProcessor,ArticlecategoryService,articleService,cpsAnalysisService,cpsStatService,asyncService,activityLogService,areaService,codeInfoService,countryService,errorLogMonitorService,loginLocaleService,menuService,moduleService,organizationService,paramService,roleService,serialService,staffAccountService,transactionService,webTransService,validator,propertiesUtils,springContextUtil,preloadService,cacheAdminFactory,cacheClient,org.springframework.context.support.PropertySourcesPlaceholderConfigurer#0,dataSource,sqlSessionFactory,org.mybatis.spring.mapper.MapperScannerConfigurer#0,transactionManager,org.springframework.aop.config.internalAutoProxyCreator,org.springframework.transaction.annotation.AnnotationTransactionAttributeSource#0,org.springframework.transaction.interceptor.TransactionInterceptor#0,org.springframework.transaction.config.internalTransactionAdvisor,transactionAdvice,transactionPointcut,org.springframework.aop.support.DefaultBeanFactoryPointcutAdvisor#0,druid-stat-interceptor,druid-stat-pointcut,org.springframework.aop.support.DefaultBeanFactoryPointcutAdvisor#1,dataSource_rpt,rpt_sqlSessionFactory,org.mybatis.spring.mapper.MapperScannerConfigurer#1,dataSource_source,source_sqlSessionFactory,org.mybatis.spring.mapper.MapperScannerConfigurer#2,org.springframework.context.annotation.ConfigurationClassPostProcessor.importAwareProcessor,articlecategoryMapper,articleMapper,articletagMapper,tagMapper,activityLogDao,areaDao,codeInfoDao,countryDao,errorLogMonitorDao,loginLocaleDao,menuDao,moduleDao,organizationDao,paramDao,roleDao,serialDao,staffDao,transactionDao,webTransDao,cpsStatMapper]; root of factory hierarchy
2015-10-08 13:14:44,642 [main] DEBUG org.apache.ibatis.logging.LogFactory - Logging initialized using 'class org.apache.ibatis.logging.slf4j.Slf4jImpl' adapter.
2015-10-08 13:14:44,979 [main] DEBUG org.mybatis.spring.SqlSessionFactoryBean - Parsed configuration file: 'class path resource [sqlmap.xml]'
2015-10-08 13:14:45,191 [main] DEBUG org.mybatis.spring.SqlSessionFactoryBean - Parsed mapper file: 'file [D:\EclipseWorkspace\zjparent\zjp2p-rpt\target\classes\com\zjgt\p2p\map\ArticlecategoryMapper.xml]'
2015-10-08 13:14:45,243 [main] DEBUG org.mybatis.spring.SqlSessionFactoryBean - Parsed mapper file: 'file [D:\EclipseWorkspace\zjparent\zjp2p-rpt\target\classes\com\zjgt\p2p\map\ArticleMapper.xml]'
2015-10-08 13:14:45,262 [main] DEBUG org.mybatis.spring.SqlSessionFactoryBean - Parsed mapper file: 'file [D:\EclipseWorkspace\zjparent\zjp2p-rpt\target\classes\com\zjgt\p2p\map\ArticletagMapper.xml]'
2015-10-08 13:14:45,277 [main] DEBUG org.mybatis.spring.SqlSessionFactoryBean - Parsed mapper file: 'URL [jar:file:/D:/mvnrep/com/zjgt/p2p/zjp2p-system/1.0-SNAPSHOT/zjp2p-system-1.0-SNAPSHOT.jar!/com/zjgt/p2p/map/base/ActivityLogDao.xml]'
2015-10-08 13:14:45,291 [main] INFO  CacheAdminFactory.class - call CacheAdminFactory getInstance with no args
2015-10-08 13:14:45,291 [main] INFO  CacheAdminFactory.class - call CacheAdminFactory default constructor
2015-10-08 13:14:45,295 [main] INFO  CacheAdminFactory.class - init memcached config file is memcached.xml
2015-10-08 13:14:45,295 [main] INFO  MemcachedManager.class - +++++isStart is false Start manager+++++
2015-10-08 13:14:45,295 [main] INFO  MemcachedManager.class - +++++use config file+++++memcached.xml
2015-10-08 13:14:45,312 [main] INFO  com.alisoft.xplatform.asf.cache.impl.DefaultCacheImpl - DefaultCache CheckService is start!
2015-10-08 13:14:45,351 [main] INFO  com.alisoft.xplatform.asf.cache.memcached.CacheUtil -  add memcachedClient config :mclient0
2015-10-08 13:14:45,351 [main] INFO  com.alisoft.xplatform.asf.cache.memcached.CacheUtil -  add memcachedClient config :mclient1
2015-10-08 13:14:45,351 [main] INFO  com.alisoft.xplatform.asf.cache.memcached.CacheUtil -  add memcachedClient config :mclient2
2015-10-08 13:14:45,352 [main] INFO  com.alisoft.xplatform.asf.cache.memcached.CacheUtil -  add socketpool config :pool0
2015-10-08 13:14:45,352 [main] INFO  com.alisoft.xplatform.asf.cache.memcached.CacheUtil -  add socketpool config :pool1
2015-10-08 13:14:45,352 [main] INFO  com.alisoft.xplatform.asf.cache.memcached.CacheUtil -  add socketpool config :pool2
2015-10-08 13:14:45,352 [main] INFO  com.alisoft.xplatform.asf.cache.memcached.CacheUtil -  add cluster config :cluster1
2015-10-08 13:14:45,353 [main] INFO  com.alisoft.xplatform.asf.cache.memcached.MemcachedCacheManager - load config from :/D:/EclipseWorkspace/zjparent/zjp2p-rpt/target/classes/memcached.xml
2015-10-08 13:14:48,378 [main] INFO  com.alisoft.xplatform.asf.cache.memcached.MemcachedCacheManager -  add socketpool :pool0
2015-10-08 13:14:51,381 [main] INFO  com.alisoft.xplatform.asf.cache.memcached.MemcachedCacheManager -  add socketpool :pool1
2015-10-08 13:14:54,385 [main] INFO  com.alisoft.xplatform.asf.cache.memcached.MemcachedCacheManager -  add socketpool :pool2
2015-10-08 13:14:54,396 [main] INFO  com.alisoft.xplatform.asf.cache.impl.DefaultCacheImpl - DefaultCache CheckService is start!
2015-10-08 13:14:54,409 [main] INFO  com.alisoft.xplatform.asf.cache.impl.DefaultCacheImpl - DefaultCache CheckService is start!
2015-10-08 13:14:54,411 [main] INFO  com.alisoft.xplatform.asf.cache.memcached.MemcachedCacheManager -  add memcachedClient :mclient0
2015-10-08 13:14:54,412 [main] INFO  com.alisoft.xplatform.asf.cache.impl.DefaultCacheImpl - DefaultCache CheckService is start!
2015-10-08 13:14:54,413 [main] INFO  com.alisoft.xplatform.asf.cache.impl.DefaultCacheImpl - DefaultCache CheckService is start!
2015-10-08 13:14:54,414 [main] INFO  com.alisoft.xplatform.asf.cache.memcached.MemcachedCacheManager -  add memcachedClient :mclient1
2015-10-08 13:14:54,414 [main] INFO  com.alisoft.xplatform.asf.cache.impl.DefaultCacheImpl - DefaultCache CheckService is start!
2015-10-08 13:14:54,415 [main] INFO  com.alisoft.xplatform.asf.cache.impl.DefaultCacheImpl - DefaultCache CheckService is start!
2015-10-08 13:14:54,416 [main] INFO  com.alisoft.xplatform.asf.cache.memcached.MemcachedCacheManager -  add memcachedClient :mclient2
2015-10-08 13:14:54,417 [main] WARN  CacheAdminFactory.class - ++++++++++cacheClient init++++++++++
2015-10-08 13:14:54,419 [main] INFO  MemcachedClient.class - +++call MemcachedClient default constructor
2015-10-08 13:14:54,419 [main] INFO  CacheAdminFactory.class - get memcached CacheClient 
2015-10-08 13:14:54,452 [main] DEBUG org.mybatis.spring.SqlSessionFactoryBean - Parsed mapper file: 'URL [jar:file:/D:/mvnrep/com/zjgt/p2p/zjp2p-system/1.0-SNAPSHOT/zjp2p-system-1.0-SNAPSHOT.jar!/com/zjgt/p2p/map/base/AreaDao.xml]'
2015-10-08 13:14:54,488 [main] DEBUG org.mybatis.spring.SqlSessionFactoryBean - Parsed mapper file: 'URL [jar:file:/D:/mvnrep/com/zjgt/p2p/zjp2p-system/1.0-SNAPSHOT/zjp2p-system-1.0-SNAPSHOT.jar!/com/zjgt/p2p/map/base/CodeInfoDao.xml]'
2015-10-08 13:14:54,503 [main] DEBUG org.mybatis.spring.SqlSessionFactoryBean - Parsed mapper file: 'URL [jar:file:/D:/mvnrep/com/zjgt/p2p/zjp2p-system/1.0-SNAPSHOT/zjp2p-system-1.0-SNAPSHOT.jar!/com/zjgt/p2p/map/base/CountryDao.xml]'
2015-10-08 13:14:54,525 [main] DEBUG org.mybatis.spring.SqlSessionFactoryBean - Parsed mapper file: 'URL [jar:file:/D:/mvnrep/com/zjgt/p2p/zjp2p-system/1.0-SNAPSHOT/zjp2p-system-1.0-SNAPSHOT.jar!/com/zjgt/p2p/map/base/ErrorLogMonitorDao.xml]'
2015-10-08 13:14:54,542 [main] DEBUG org.mybatis.spring.SqlSessionFactoryBean - Parsed mapper file: 'URL [jar:file:/D:/mvnrep/com/zjgt/p2p/zjp2p-system/1.0-SNAPSHOT/zjp2p-system-1.0-SNAPSHOT.jar!/com/zjgt/p2p/map/base/LoginLocaleDao.xml]'
2015-10-08 13:14:54,563 [main] DEBUG org.mybatis.spring.SqlSessionFactoryBean - Parsed mapper file: 'URL [jar:file:/D:/mvnrep/com/zjgt/p2p/zjp2p-system/1.0-SNAPSHOT/zjp2p-system-1.0-SNAPSHOT.jar!/com/zjgt/p2p/map/base/MenuDao.xml]'
2015-10-08 13:14:54,585 [main] DEBUG org.mybatis.spring.SqlSessionFactoryBean - Parsed mapper file: 'URL [jar:file:/D:/mvnrep/com/zjgt/p2p/zjp2p-system/1.0-SNAPSHOT/zjp2p-system-1.0-SNAPSHOT.jar!/com/zjgt/p2p/map/base/ModuleDao.xml]'
2015-10-08 13:14:54,604 [main] DEBUG org.mybatis.spring.SqlSessionFactoryBean - Parsed mapper file: 'URL [jar:file:/D:/mvnrep/com/zjgt/p2p/zjp2p-system/1.0-SNAPSHOT/zjp2p-system-1.0-SNAPSHOT.jar!/com/zjgt/p2p/map/base/OrganizationDao.xml]'
2015-10-08 13:14:54,630 [main] DEBUG org.mybatis.spring.SqlSessionFactoryBean - Parsed mapper file: 'URL [jar:file:/D:/mvnrep/com/zjgt/p2p/zjp2p-system/1.0-SNAPSHOT/zjp2p-system-1.0-SNAPSHOT.jar!/com/zjgt/p2p/map/base/ParamDao.xml]'
2015-10-08 13:14:54,659 [main] DEBUG org.mybatis.spring.SqlSessionFactoryBean - Parsed mapper file: 'URL [jar:file:/D:/mvnrep/com/zjgt/p2p/zjp2p-system/1.0-SNAPSHOT/zjp2p-system-1.0-SNAPSHOT.jar!/com/zjgt/p2p/map/base/RoleDao.xml]'
2015-10-08 13:14:54,674 [main] DEBUG org.mybatis.spring.SqlSessionFactoryBean - Parsed mapper file: 'URL [jar:file:/D:/mvnrep/com/zjgt/p2p/zjp2p-system/1.0-SNAPSHOT/zjp2p-system-1.0-SNAPSHOT.jar!/com/zjgt/p2p/map/base/SerialDao.xml]'
2015-10-08 13:14:54,720 [main] DEBUG org.mybatis.spring.SqlSessionFactoryBean - Parsed mapper file: 'URL [jar:file:/D:/mvnrep/com/zjgt/p2p/zjp2p-system/1.0-SNAPSHOT/zjp2p-system-1.0-SNAPSHOT.jar!/com/zjgt/p2p/map/base/StaffDao.xml]'
2015-10-08 13:14:54,738 [main] DEBUG org.mybatis.spring.SqlSessionFactoryBean - Parsed mapper file: 'URL [jar:file:/D:/mvnrep/com/zjgt/p2p/zjp2p-system/1.0-SNAPSHOT/zjp2p-system-1.0-SNAPSHOT.jar!/com/zjgt/p2p/map/base/TransactionDao.xml]'
2015-10-08 13:14:54,757 [main] DEBUG org.mybatis.spring.SqlSessionFactoryBean - Parsed mapper file: 'URL [jar:file:/D:/mvnrep/com/zjgt/p2p/zjp2p-system/1.0-SNAPSHOT/zjp2p-system-1.0-SNAPSHOT.jar!/com/zjgt/p2p/map/base/WebTransDao.xml]'
2015-10-08 13:14:54,791 [main] INFO  org.springfk.pancloud.daoframework.cache.preload.PreloadService - 没有开启预加载！
2015-10-08 13:14:54,841 [main] DEBUG org.mybatis.spring.SqlSessionFactoryBean - Parsed configuration file: 'class path resource [sqlmap.xml]'
2015-10-08 13:14:54,892 [main] DEBUG org.mybatis.spring.SqlSessionFactoryBean - Parsed mapper file: 'file [D:\EclipseWorkspace\zjparent\zjp2p-rpt\target\classes\com\zjgt\p2p\report\map\CpsStatMapper.xml]'
2015-10-08 13:14:54,916 [main] DEBUG org.mybatis.spring.SqlSessionFactoryBean - Parsed configuration file: 'class path resource [sqlmap.xml]'
2015-10-08 13:14:55,148 [main] DEBUG org.mybatis.spring.SqlSessionFactoryBean - Property 'mapperLocations' was not specified or no matching resources found
2015-10-08 13:15:10,753 [main] DEBUG org.mybatis.spring.SqlSessionUtils - Creating a new SqlSession
2015-10-08 13:15:10,768 [main] DEBUG org.mybatis.spring.SqlSessionUtils - SqlSession [org.apache.ibatis.session.defaults.DefaultSqlSession@5825b2b8] was not registered for synchronization because synchronization is not active
2015-10-08 13:15:10,811 [main] DEBUG org.springframework.jdbc.datasource.DataSourceUtils - Fetching JDBC Connection from DataSource
2015-10-08 13:15:10,812 [main] DEBUG org.mybatis.spring.transaction.SpringManagedTransaction - JDBC Connection [com.alibaba.druid.proxy.jdbc.ConnectionProxyImpl@a9823b3] will not be managed by Spring
2015-10-08 13:15:10,813 [main] DEBUG com.zjgt.p2p.report.dao.CpsStatMapper.insertCpsAnalysis - ooo Using Connection [com.alibaba.druid.proxy.jdbc.ConnectionProxyImpl@a9823b3]
2015-10-08 13:15:10,816 [main] DEBUG com.zjgt.p2p.report.dao.CpsStatMapper.insertCpsAnalysis - ==>  Preparing: INSERT INTO cpsstat(curDate,cpscode,cpsname,regcnt,openaccnt,investamount,investcnt,avginvestamount,investrate,remark) VALUES ('2015-10-07','311dt','311dt','33','33','0','0','0','0','备注'),('2015-10-07','119vx','119vx','912','912','1100.00','2','550.0','0','备注'),('2015-10-07','AV91neAy6H0VoHZRcu7xZf0G','AV91neAy6H0VoHZRcu7xZf0G','1','1','10000.00','1','10000.0','0','备注'),('2015-10-07','aqqqq111000','aqqqq111000','1','1','0','0','0','0','备注'),('2015-10-07','436v','436v','118','118','501600.00','31','16180.645161290322','0','备注'),('2015-10-07','AbFkHZgfAP6MOn9yhMfRT_s7','AbFkHZgfAP6MOn9yhMfRT_s7','1','1','0','0','0','0','备注'),('2015-10-07','211v','211v','16','16','0','0','0','0','备注'),('2015-10-07','116vs2','116vs2','5','5','30000.00','1','30000.0','0','备注'),('2015-10-07','aqqqq111','aqqqq111','1','1','0','0','0','0','备注'),('2015-10-07','Aa2meex3xkJKrMfYZ3HXJbk7','Aa2meex3xkJKrMfYZ3HXJbk7','1','1','0','0','0','0','备注'),('2015-10-07','Aa6nCLcUDehvKmSj9zPd8TAd','Aa6nCLcUDehvKmSj9zPd8TAd','1','1','0','0','0','0','备注'),('2015-10-07','433v','433v','34','34','158300.00','13','12176.923076923076','0','备注'),('2015-10-07','188zbj','188zbj','61','61','0','0','0','0','备注'),('2015-10-07','AQRUJ3uUQcatkme6-EOk4u0c','AQRUJ3uUQcatkme6-EOk4u0c','1','1','0','0','0','0','备注'),('2015-10-07','116vdm','116vdm','7','7','0','0','0','0','备注'),('2015-10-07','ARYdNfuX5px7ABRFLxeD2f8M','ARYdNfuX5px7ABRFLxeD2f8M','1','1','0','0','0','0','备注'),('2015-10-07','113pp','113pp','5','5','15000.00','1','15000.0','0','备注'),('2015-10-07','Ac2VI6fnMm6Gg8wzYqJWB-8p','Ac2VI6fnMm6Gg8wzYqJWB-8p','1','1','0','0','0','0','备注'),('2015-10-07','116v22b4','116v22b4','1','1','0','0','0','0','备注'),('2015-10-07','116v22b1','116v22b1','8','8','56900.00','3','18966.666666666668','0','备注'),('2015-10-07','Aa2XH0BqhC0baWWNZeLa27NO','Aa2XH0BqhC0baWWNZeLa27NO','1','1','0','0','0','0','备注'),('2015-10-07','411m','411m','4','4','0','0','0','0','备注'),('2015-10-07','null','null','0','0','0','0','0','0','备注'),('2015-10-07','AVdW0EdUcNq_2T7cAyPsD2Yr','AVdW0EdUcNq_2T7cAyPsD2Yr','1','1','0','0','0','0','备注'),('2015-10-07','AfNPXQ8CPBL2aHqbzyD8Q74u','AfNPXQ8CPBL2aHqbzyD8Q74u','1','1','0','0','0','0','备注'),('2015-10-07','AaLi8o7pkWTpoGrMBXs6Jcc-','AaLi8o7pkWTpoGrMBXs6Jcc-','1','1','0','0','0','0','备注'),('2015-10-07','AYIbM509mnzrTBbgPKcO9ORP','AYIbM509mnzrTBbgPKcO9ORP','1','1','0','0','0','0','备注'),('2015-10-07','119v22b','119v22b','3','3','0','0','0','0','备注'),('2015-10-07','888888','888888','0','0','0','0','0','0','备注'),('2015-10-07','118mdm','118mdm','87','87','0','0','0','0','备注'),('2015-10-07','1122v2HBv1','1122v2HBv1','3','3','0','0','0','0','备注'),('2015-10-07','187bbs','187bbs','5','5','0','0','0','0','备注'),('2015-10-07','','','828','0','0','0','0','0','备注'),('2015-10-07','AXYLYOxKs8qJyGCMFJX9w4Dw','AXYLYOxKs8qJyGCMFJX9w4Dw','1','1','0','0','0','0','备注'),('2015-10-07','116vs1','116vs1','6','6','18000.00','1','18000.0','0','备注'),('2015-10-07','AVGBRdYkXDXkWv4VmB3PLsF0','AVGBRdYkXDXkWv4VmB3PLsF0','1','1','0','0','0','0','备注'),('2015-10-07','119mdm','119mdm','66','66','0','0','0','0','备注'),('2015-10-07','411v','411v','29676','29676','4335700.00','1554','2790.02574002574','0','备注'),('2015-10-07','119vs','119vs','134','134','3000.00','1','3000.0','0','备注'),('2015-10-07','511v','511v','13','13','21500.00','6','3583.3333333333335','0','备注'),('2015-10-07','119vdm','119vdm','688','688','5000.00','1','5000.0','0','备注'),('2015-10-07','Adm8vTKsskGMkLWmswTOxXWb','Adm8vTKsskGMkLWmswTOxXWb','1','1','0','0','0','0','备注'),('2015-10-07','AQeV-Mg4hGx5DQRLLoySCO9P','AQeV-Mg4hGx5DQRLLoySCO9P','1','1','0','0','0','0','备注'),('2015-10-07','AUZtKeOrvzpmAufS_Ip-HasV','AUZtKeOrvzpmAufS_Ip-HasV','1','1','0','0','0','0','备注'),('2015-10-07','113','113','79','79','67400.00','24','2808.3333333333335','0','备注'),('2015-10-07','123456','123456','3','3','0','0','0','0','备注'),('2015-10-07','AX_ssy5EAklScaMObLAxgZhI','AX_ssy5EAklScaMObLAxgZhI','1','1','0','0','0','0','备注'),('2015-10-07','AfHp9pSITqDQH-DSLUKtSngq','AfHp9pSITqDQH-DSLUKtSngq','1','1','0','0','0','0','备注'),('2015-10-07','ARXZjTM8TPm5ESHHexGoje7F','ARXZjTM8TPm5ESHHexGoje7F','1','1','0','0','0','0','备注'),('2015-10-07','116v22b2','116v22b2','2','2','0','0','0','0','备注'),('2015-10-07','186bbs#','186bbs#','1','1','0','0','0','0','备注'),('2015-10-07','234v','234v','73','73','82600.00','9','9177.777777777777','0','备注'),('2015-10-07','114vdm','114vdm','22','22','0','0','0','0','备注'),('2015-10-07','118vs','118vs','10','10','25000.00','1','25000.0','0','备注'),('2015-10-07','435v','435v','2','2','50100.00','1','50100.0','0','备注'),('2015-10-07','118vdm','118vdm','34','34','0','0','0','0','备注'),('2015-10-07','ARvqQhkWlplIvghcqWn996Fh','ARvqQhkWlplIvghcqWn996Fh','1','1','0','0','0','0','备注'),('2015-10-07','118mda','118mda','2','2','5000.00','1','5000.0','0','备注'),('2015-10-07','186bbs','186bbs','763','763','205400.00','4','51350.0','0','备注'),('2015-10-07','114v22b','114v22b','5','5','0','0','0','0','备注'),('2015-10-07','2345v','2345v','38','38','0','0','0','0','备注'),('2015-10-07','ARZoEYbKO-3bB7PKF4qLfqZf','ARZoEYbKO-3bB7PKF4qLfqZf','1','1','0','0','0','0','备注'),('2015-10-07','AYUB3Q69j2zx7MThTQz8GM89','AYUB3Q69j2zx7MThTQz8GM89','1','1','0','0','0','0','备注') 
2015-10-08 13:15:10,847 [main] DEBUG com.zjgt.p2p.report.dao.CpsStatMapper.insertCpsAnalysis - ==> Parameters: 
2015-10-08 13:15:10,873 [main] DEBUG com.zjgt.p2p.report.dao.CpsStatMapper.insertCpsAnalysis - <==    Updates: 63
2015-10-08 13:15:10,873 [main] DEBUG org.mybatis.spring.SqlSessionUtils - Closing non transactional SqlSession [org.apache.ibatis.session.defaults.DefaultSqlSession@5825b2b8]
2015-10-08 13:15:10,873 [main] DEBUG org.springframework.jdbc.datasource.DataSourceUtils - Returning JDBC Connection to DataSource
2015-10-08 13:15:10,875 [Thread-7] INFO  org.springframework.context.support.GenericApplicationContext - Closing org.springframework.context.support.GenericApplicationContext@286797ae: startup date [Thu Oct 08 13:14:44 CST 2015]; root of context hierarchy
2015-10-08 13:15:10,876 [Thread-7] INFO  org.springframework.beans.factory.support.DefaultListableBeanFactory - Destroying singletons in org.springframework.beans.factory.support.DefaultListableBeanFactory@5f0d0df0: defining beans [org.springframework.context.annotation.internalConfigurationAnnotationProcessor,org.springframework.context.annotation.internalAutowiredAnnotationProcessor,org.springframework.context.annotation.internalRequiredAnnotationProcessor,org.springframework.context.annotation.internalCommonAnnotationProcessor,ArticlecategoryService,articleService,cpsAnalysisService,cpsStatService,asyncService,activityLogService,areaService,codeInfoService,countryService,errorLogMonitorService,loginLocaleService,menuService,moduleService,organizationService,paramService,roleService,serialService,staffAccountService,transactionService,webTransService,validator,propertiesUtils,springContextUtil,preloadService,cacheAdminFactory,cacheClient,org.springframework.context.support.PropertySourcesPlaceholderConfigurer#0,dataSource,sqlSessionFactory,org.mybatis.spring.mapper.MapperScannerConfigurer#0,transactionManager,org.springframework.aop.config.internalAutoProxyCreator,org.springframework.transaction.annotation.AnnotationTransactionAttributeSource#0,org.springframework.transaction.interceptor.TransactionInterceptor#0,org.springframework.transaction.config.internalTransactionAdvisor,transactionAdvice,transactionPointcut,org.springframework.aop.support.DefaultBeanFactoryPointcutAdvisor#0,druid-stat-interceptor,druid-stat-pointcut,org.springframework.aop.support.DefaultBeanFactoryPointcutAdvisor#1,dataSource_rpt,rpt_sqlSessionFactory,org.mybatis.spring.mapper.MapperScannerConfigurer#1,dataSource_source,source_sqlSessionFactory,org.mybatis.spring.mapper.MapperScannerConfigurer#2,org.springframework.context.annotation.ConfigurationClassPostProcessor.importAwareProcessor,articlecategoryMapper,articleMapper,articletagMapper,tagMapper,activityLogDao,areaDao,codeInfoDao,countryDao,errorLogMonitorDao,loginLocaleDao,menuDao,moduleDao,organizationDao,paramDao,roleDao,serialDao,staffDao,transactionDao,webTransDao,cpsStatMapper]; root of factory hierarchy
