2015-10-19 15:20:56,481 [main] INFO  org.springframework.beans.factory.xml.XmlBeanDefinitionReader - Loading XML bean definitions from class path resource [applicationContext.xml]
2015-10-19 15:20:56,928 [main] INFO  org.springframework.beans.factory.xml.XmlBeanDefinitionReader - Loading XML bean definitions from class path resource [applicationContext-mybatis.xml]
2015-10-19 15:20:57,018 [main] INFO  org.springframework.context.support.GenericApplicationContext - Refreshing org.springframework.context.support.GenericApplicationContext@5dbd3f6f: startup date [Mon Oct 19 15:20:57 CST 2015]; root of context hierarchy
2015-10-19 15:20:57,175 [main] DEBUG org.mybatis.spring.mapper.ClassPathMapperScanner - Identified candidate component class: file [D:\EclipseWorkspace\zjparent\zjp2p-rpt\target\classes\com\zjgt\p2p\article\dao\ArticlecategoryMapper.class]
2015-10-19 15:20:57,175 [main] DEBUG org.mybatis.spring.mapper.ClassPathMapperScanner - Identified candidate component class: file [D:\EclipseWorkspace\zjparent\zjp2p-rpt\target\classes\com\zjgt\p2p\article\dao\ArticleMapper.class]
2015-10-19 15:20:57,175 [main] DEBUG org.mybatis.spring.mapper.ClassPathMapperScanner - Identified candidate component class: file [D:\EclipseWorkspace\zjparent\zjp2p-rpt\target\classes\com\zjgt\p2p\article\dao\ArticletagMapper.class]
2015-10-19 15:20:57,176 [main] DEBUG org.mybatis.spring.mapper.ClassPathMapperScanner - Identified candidate component class: file [D:\EclipseWorkspace\zjparent\zjp2p-rpt\target\classes\com\zjgt\p2p\article\dao\TagMapper.class]
2015-10-19 15:20:57,178 [main] DEBUG org.mybatis.spring.mapper.ClassPathMapperScanner - Identified candidate component class: URL [jar:file:/D:/mvnrep/com/zjgt/p2p/zjp2p-system/1.0-SNAPSHOT/zjp2p-system-1.0-SNAPSHOT.jar!/com/zjgt/p2p/base/dao/ActivityLogDao.class]
2015-10-19 15:20:57,179 [main] DEBUG org.mybatis.spring.mapper.ClassPathMapperScanner - Identified candidate component class: URL [jar:file:/D:/mvnrep/com/zjgt/p2p/zjp2p-system/1.0-SNAPSHOT/zjp2p-system-1.0-SNAPSHOT.jar!/com/zjgt/p2p/base/dao/AreaDao.class]
2015-10-19 15:20:57,179 [main] DEBUG org.mybatis.spring.mapper.ClassPathMapperScanner - Identified candidate component class: URL [jar:file:/D:/mvnrep/com/zjgt/p2p/zjp2p-system/1.0-SNAPSHOT/zjp2p-system-1.0-SNAPSHOT.jar!/com/zjgt/p2p/base/dao/CodeInfoDao.class]
2015-10-19 15:20:57,179 [main] DEBUG org.mybatis.spring.mapper.ClassPathMapperScanner - Identified candidate component class: URL [jar:file:/D:/mvnrep/com/zjgt/p2p/zjp2p-system/1.0-SNAPSHOT/zjp2p-system-1.0-SNAPSHOT.jar!/com/zjgt/p2p/base/dao/CountryDao.class]
2015-10-19 15:20:57,180 [main] DEBUG org.mybatis.spring.mapper.ClassPathMapperScanner - Identified candidate component class: URL [jar:file:/D:/mvnrep/com/zjgt/p2p/zjp2p-system/1.0-SNAPSHOT/zjp2p-system-1.0-SNAPSHOT.jar!/com/zjgt/p2p/base/dao/ErrorLogMonitorDao.class]
2015-10-19 15:20:57,180 [main] DEBUG org.mybatis.spring.mapper.ClassPathMapperScanner - Identified candidate component class: URL [jar:file:/D:/mvnrep/com/zjgt/p2p/zjp2p-system/1.0-SNAPSHOT/zjp2p-system-1.0-SNAPSHOT.jar!/com/zjgt/p2p/base/dao/LoginLocaleDao.class]
2015-10-19 15:20:57,180 [main] DEBUG org.mybatis.spring.mapper.ClassPathMapperScanner - Identified candidate component class: URL [jar:file:/D:/mvnrep/com/zjgt/p2p/zjp2p-system/1.0-SNAPSHOT/zjp2p-system-1.0-SNAPSHOT.jar!/com/zjgt/p2p/base/dao/MenuDao.class]
2015-10-19 15:20:57,181 [main] DEBUG org.mybatis.spring.mapper.ClassPathMapperScanner - Identified candidate component class: URL [jar:file:/D:/mvnrep/com/zjgt/p2p/zjp2p-system/1.0-SNAPSHOT/zjp2p-system-1.0-SNAPSHOT.jar!/com/zjgt/p2p/base/dao/ModuleDao.class]
2015-10-19 15:20:57,181 [main] DEBUG org.mybatis.spring.mapper.ClassPathMapperScanner - Identified candidate component class: URL [jar:file:/D:/mvnrep/com/zjgt/p2p/zjp2p-system/1.0-SNAPSHOT/zjp2p-system-1.0-SNAPSHOT.jar!/com/zjgt/p2p/base/dao/OrganizationDao.class]
2015-10-19 15:20:57,182 [main] DEBUG org.mybatis.spring.mapper.ClassPathMapperScanner - Identified candidate component class: URL [jar:file:/D:/mvnrep/com/zjgt/p2p/zjp2p-system/1.0-SNAPSHOT/zjp2p-system-1.0-SNAPSHOT.jar!/com/zjgt/p2p/base/dao/ParamDao.class]
2015-10-19 15:20:57,182 [main] DEBUG org.mybatis.spring.mapper.ClassPathMapperScanner - Identified candidate component class: URL [jar:file:/D:/mvnrep/com/zjgt/p2p/zjp2p-system/1.0-SNAPSHOT/zjp2p-system-1.0-SNAPSHOT.jar!/com/zjgt/p2p/base/dao/RoleDao.class]
2015-10-19 15:20:57,182 [main] DEBUG org.mybatis.spring.mapper.ClassPathMapperScanner - Identified candidate component class: URL [jar:file:/D:/mvnrep/com/zjgt/p2p/zjp2p-system/1.0-SNAPSHOT/zjp2p-system-1.0-SNAPSHOT.jar!/com/zjgt/p2p/base/dao/SerialDao.class]
2015-10-19 15:20:57,183 [main] DEBUG org.mybatis.spring.mapper.ClassPathMapperScanner - Identified candidate component class: URL [jar:file:/D:/mvnrep/com/zjgt/p2p/zjp2p-system/1.0-SNAPSHOT/zjp2p-system-1.0-SNAPSHOT.jar!/com/zjgt/p2p/base/dao/StaffDao.class]
2015-10-19 15:20:57,184 [main] DEBUG org.mybatis.spring.mapper.ClassPathMapperScanner - Identified candidate component class: URL [jar:file:/D:/mvnrep/com/zjgt/p2p/zjp2p-system/1.0-SNAPSHOT/zjp2p-system-1.0-SNAPSHOT.jar!/com/zjgt/p2p/base/dao/TransactionDao.class]
2015-10-19 15:20:57,184 [main] DEBUG org.mybatis.spring.mapper.ClassPathMapperScanner - Identified candidate component class: URL [jar:file:/D:/mvnrep/com/zjgt/p2p/zjp2p-system/1.0-SNAPSHOT/zjp2p-system-1.0-SNAPSHOT.jar!/com/zjgt/p2p/base/dao/WebTransDao.class]
2015-10-19 15:20:57,186 [main] DEBUG org.mybatis.spring.mapper.ClassPathMapperScanner - Creating MapperFactoryBean with name 'articlecategoryMapper' and 'com.zjgt.p2p.article.dao.ArticlecategoryMapper' mapperInterface
2015-10-19 15:20:57,187 [main] DEBUG org.mybatis.spring.mapper.ClassPathMapperScanner - Creating MapperFactoryBean with name 'articleMapper' and 'com.zjgt.p2p.article.dao.ArticleMapper' mapperInterface
2015-10-19 15:20:57,187 [main] DEBUG org.mybatis.spring.mapper.ClassPathMapperScanner - Creating MapperFactoryBean with name 'articletagMapper' and 'com.zjgt.p2p.article.dao.ArticletagMapper' mapperInterface
2015-10-19 15:20:57,187 [main] DEBUG org.mybatis.spring.mapper.ClassPathMapperScanner - Creating MapperFactoryBean with name 'tagMapper' and 'com.zjgt.p2p.article.dao.TagMapper' mapperInterface
2015-10-19 15:20:57,187 [main] DEBUG org.mybatis.spring.mapper.ClassPathMapperScanner - Creating MapperFactoryBean with name 'activityLogDao' and 'com.zjgt.p2p.base.dao.ActivityLogDao' mapperInterface
2015-10-19 15:20:57,187 [main] DEBUG org.mybatis.spring.mapper.ClassPathMapperScanner - Creating MapperFactoryBean with name 'areaDao' and 'com.zjgt.p2p.base.dao.AreaDao' mapperInterface
2015-10-19 15:20:57,187 [main] DEBUG org.mybatis.spring.mapper.ClassPathMapperScanner - Creating MapperFactoryBean with name 'codeInfoDao' and 'com.zjgt.p2p.base.dao.CodeInfoDao' mapperInterface
2015-10-19 15:20:57,187 [main] DEBUG org.mybatis.spring.mapper.ClassPathMapperScanner - Creating MapperFactoryBean with name 'countryDao' and 'com.zjgt.p2p.base.dao.CountryDao' mapperInterface
2015-10-19 15:20:57,187 [main] DEBUG org.mybatis.spring.mapper.ClassPathMapperScanner - Creating MapperFactoryBean with name 'errorLogMonitorDao' and 'com.zjgt.p2p.base.dao.ErrorLogMonitorDao' mapperInterface
2015-10-19 15:20:57,187 [main] DEBUG org.mybatis.spring.mapper.ClassPathMapperScanner - Creating MapperFactoryBean with name 'loginLocaleDao' and 'com.zjgt.p2p.base.dao.LoginLocaleDao' mapperInterface
2015-10-19 15:20:57,187 [main] DEBUG org.mybatis.spring.mapper.ClassPathMapperScanner - Creating MapperFactoryBean with name 'menuDao' and 'com.zjgt.p2p.base.dao.MenuDao' mapperInterface
2015-10-19 15:20:57,187 [main] DEBUG org.mybatis.spring.mapper.ClassPathMapperScanner - Creating MapperFactoryBean with name 'moduleDao' and 'com.zjgt.p2p.base.dao.ModuleDao' mapperInterface
2015-10-19 15:20:57,187 [main] DEBUG org.mybatis.spring.mapper.ClassPathMapperScanner - Creating MapperFactoryBean with name 'organizationDao' and 'com.zjgt.p2p.base.dao.OrganizationDao' mapperInterface
2015-10-19 15:20:57,187 [main] DEBUG org.mybatis.spring.mapper.ClassPathMapperScanner - Creating MapperFactoryBean with name 'paramDao' and 'com.zjgt.p2p.base.dao.ParamDao' mapperInterface
2015-10-19 15:20:57,188 [main] DEBUG org.mybatis.spring.mapper.ClassPathMapperScanner - Creating MapperFactoryBean with name 'roleDao' and 'com.zjgt.p2p.base.dao.RoleDao' mapperInterface
2015-10-19 15:20:57,188 [main] DEBUG org.mybatis.spring.mapper.ClassPathMapperScanner - Creating MapperFactoryBean with name 'serialDao' and 'com.zjgt.p2p.base.dao.SerialDao' mapperInterface
2015-10-19 15:20:57,188 [main] DEBUG org.mybatis.spring.mapper.ClassPathMapperScanner - Creating MapperFactoryBean with name 'staffDao' and 'com.zjgt.p2p.base.dao.StaffDao' mapperInterface
2015-10-19 15:20:57,188 [main] DEBUG org.mybatis.spring.mapper.ClassPathMapperScanner - Creating MapperFactoryBean with name 'transactionDao' and 'com.zjgt.p2p.base.dao.TransactionDao' mapperInterface
2015-10-19 15:20:57,188 [main] DEBUG org.mybatis.spring.mapper.ClassPathMapperScanner - Creating MapperFactoryBean with name 'webTransDao' and 'com.zjgt.p2p.base.dao.WebTransDao' mapperInterface
2015-10-19 15:20:57,189 [main] DEBUG org.mybatis.spring.mapper.ClassPathMapperScanner - Identified candidate component class: file [D:\EclipseWorkspace\zjparent\zjp2p-rpt\target\classes\com\zjgt\p2p\report\dao\CpsStatMapper.class]
2015-10-19 15:20:57,189 [main] DEBUG org.mybatis.spring.mapper.ClassPathMapperScanner - Identified candidate component class: file [D:\EclipseWorkspace\zjparent\zjp2p-rpt\target\classes\com\zjgt\p2p\report\dao\DailyStatMapper.class]
2015-10-19 15:20:57,189 [main] DEBUG org.mybatis.spring.mapper.ClassPathMapperScanner - Identified candidate component class: file [D:\EclipseWorkspace\zjparent\zjp2p-rpt\target\classes\com\zjgt\p2p\report\dao\InvestInfoMapper.class]
2015-10-19 15:20:57,190 [main] DEBUG org.mybatis.spring.mapper.ClassPathMapperScanner - Identified candidate component class: file [D:\EclipseWorkspace\zjparent\zjp2p-rpt\target\classes\com\zjgt\p2p\report\dao\OpTranslogMapper.class]
2015-10-19 15:20:57,190 [main] DEBUG org.mybatis.spring.mapper.ClassPathMapperScanner - Identified candidate component class: file [D:\EclipseWorkspace\zjparent\zjp2p-rpt\target\classes\com\zjgt\p2p\report\dao\TranslogMapper.class]
2015-10-19 15:20:57,190 [main] DEBUG org.mybatis.spring.mapper.ClassPathMapperScanner - Identified candidate component class: file [D:\EclipseWorkspace\zjparent\zjp2p-rpt\target\classes\com\zjgt\p2p\report\dao\UserInvestInfoMapper.class]
2015-10-19 15:20:57,191 [main] DEBUG org.mybatis.spring.mapper.ClassPathMapperScanner - Creating MapperFactoryBean with name 'cpsStatMapper' and 'com.zjgt.p2p.report.dao.CpsStatMapper' mapperInterface
2015-10-19 15:20:57,191 [main] DEBUG org.mybatis.spring.mapper.ClassPathMapperScanner - Creating MapperFactoryBean with name 'dailyStatMapper' and 'com.zjgt.p2p.report.dao.DailyStatMapper' mapperInterface
2015-10-19 15:20:57,191 [main] DEBUG org.mybatis.spring.mapper.ClassPathMapperScanner - Creating MapperFactoryBean with name 'investInfoMapper' and 'com.zjgt.p2p.report.dao.InvestInfoMapper' mapperInterface
2015-10-19 15:20:57,191 [main] DEBUG org.mybatis.spring.mapper.ClassPathMapperScanner - Creating MapperFactoryBean with name 'opTranslogMapper' and 'com.zjgt.p2p.report.dao.OpTranslogMapper' mapperInterface
2015-10-19 15:20:57,191 [main] DEBUG org.mybatis.spring.mapper.ClassPathMapperScanner - Creating MapperFactoryBean with name 'translogMapper' and 'com.zjgt.p2p.report.dao.TranslogMapper' mapperInterface
2015-10-19 15:20:57,191 [main] DEBUG org.mybatis.spring.mapper.ClassPathMapperScanner - Creating MapperFactoryBean with name 'userInvestInfoMapper' and 'com.zjgt.p2p.report.dao.UserInvestInfoMapper' mapperInterface
2015-10-19 15:20:57,192 [main] DEBUG org.mybatis.spring.mapper.ClassPathMapperScanner - Identified candidate component class: file [D:\EclipseWorkspace\zjparent\zjp2p-rpt\target\classes\com\zjgt\p2p\source\dao\LendInfoMapper.class]
2015-10-19 15:20:57,192 [main] DEBUG org.mybatis.spring.mapper.ClassPathMapperScanner - Identified candidate component class: file [D:\EclipseWorkspace\zjparent\zjp2p-rpt\target\classes\com\zjgt\p2p\source\dao\UserInfoMapper.class]
2015-10-19 15:20:57,193 [main] DEBUG org.mybatis.spring.mapper.ClassPathMapperScanner - Creating MapperFactoryBean with name 'lendInfoMapper' and 'com.zjgt.p2p.source.dao.LendInfoMapper' mapperInterface
2015-10-19 15:20:57,193 [main] DEBUG org.mybatis.spring.mapper.ClassPathMapperScanner - Creating MapperFactoryBean with name 'userInfoMapper' and 'com.zjgt.p2p.source.dao.UserInfoMapper' mapperInterface
2015-10-19 15:20:57,205 [main] INFO  org.springframework.context.support.PropertySourcesPlaceholderConfigurer - Loading properties file from class path resource [config.properties]
2015-10-19 15:20:57,253 [main] INFO  org.springframework.beans.factory.support.DefaultListableBeanFactory - Pre-instantiating singletons in org.springframework.beans.factory.support.DefaultListableBeanFactory@1d5bd19e: defining beans [org.springframework.context.annotation.internalConfigurationAnnotationProcessor,org.springframework.context.annotation.internalAutowiredAnnotationProcessor,org.springframework.context.annotation.internalRequiredAnnotationProcessor,org.springframework.context.annotation.internalCommonAnnotationProcessor,ArticlecategoryService,articleService,cpsAnalysisService,cpsStatService,dailystatService,fuYouService,InvestService,lendInfoService,realService,userInvestInfoService,UserSumService,asyncService,activityLogService,areaService,codeInfoService,countryService,errorLogMonitorService,loginLocaleService,menuService,moduleService,organizationService,paramService,roleService,serialService,staffAccountService,transactionService,webTransService,validator,propertiesUtils,springContextUtil,preloadService,cacheAdminFactory,cacheClient,org.springframework.context.support.PropertySourcesPlaceholderConfigurer#0,dataSource,sqlSessionFactory,org.mybatis.spring.mapper.MapperScannerConfigurer#0,transactionManager,org.springframework.aop.config.internalAutoProxyCreator,org.springframework.transaction.annotation.AnnotationTransactionAttributeSource#0,org.springframework.transaction.interceptor.TransactionInterceptor#0,org.springframework.transaction.config.internalTransactionAdvisor,transactionAdvice,transactionPointcut,org.springframework.aop.support.DefaultBeanFactoryPointcutAdvisor#0,druid-stat-interceptor,druid-stat-pointcut,org.springframework.aop.support.DefaultBeanFactoryPointcutAdvisor#1,dataSource_rpt,rpt_sqlSessionFactory,org.mybatis.spring.mapper.MapperScannerConfigurer#1,dataSource_source,source_sqlSessionFactory,org.mybatis.spring.mapper.MapperScannerConfigurer#2,org.springframework.context.annotation.ConfigurationClassPostProcessor.importAwareProcessor,articlecategoryMapper,articleMapper,articletagMapper,tagMapper,activityLogDao,areaDao,codeInfoDao,countryDao,errorLogMonitorDao,loginLocaleDao,menuDao,moduleDao,organizationDao,paramDao,roleDao,serialDao,staffDao,transactionDao,webTransDao,cpsStatMapper,dailyStatMapper,investInfoMapper,opTranslogMapper,translogMapper,userInvestInfoMapper,lendInfoMapper,userInfoMapper]; root of factory hierarchy
2015-10-19 15:20:57,454 [main] DEBUG org.apache.ibatis.logging.LogFactory - Logging initialized using 'class org.apache.ibatis.logging.slf4j.Slf4jImpl' adapter.
2015-10-19 15:20:57,798 [main] DEBUG org.mybatis.spring.SqlSessionFactoryBean - Parsed configuration file: 'class path resource [sqlmap.xml]'
2015-10-19 15:20:58,105 [main] DEBUG org.mybatis.spring.SqlSessionFactoryBean - Parsed mapper file: 'file [D:\EclipseWorkspace\zjparent\zjp2p-rpt\target\classes\com\zjgt\p2p\map\ArticlecategoryMapper.xml]'
2015-10-19 15:20:58,162 [main] DEBUG org.mybatis.spring.SqlSessionFactoryBean - Parsed mapper file: 'file [D:\EclipseWorkspace\zjparent\zjp2p-rpt\target\classes\com\zjgt\p2p\map\ArticleMapper.xml]'
2015-10-19 15:20:58,185 [main] DEBUG org.mybatis.spring.SqlSessionFactoryBean - Parsed mapper file: 'file [D:\EclipseWorkspace\zjparent\zjp2p-rpt\target\classes\com\zjgt\p2p\map\ArticletagMapper.xml]'
2015-10-19 15:20:58,202 [main] DEBUG org.mybatis.spring.SqlSessionFactoryBean - Parsed mapper file: 'URL [jar:file:/D:/mvnrep/com/zjgt/p2p/zjp2p-system/1.0-SNAPSHOT/zjp2p-system-1.0-SNAPSHOT.jar!/com/zjgt/p2p/map/base/ActivityLogDao.xml]'
2015-10-19 15:20:58,218 [main] INFO  CacheAdminFactory.class - call CacheAdminFactory getInstance with no args
2015-10-19 15:20:58,218 [main] INFO  CacheAdminFactory.class - call CacheAdminFactory default constructor
2015-10-19 15:20:58,222 [main] INFO  CacheAdminFactory.class - init memcached config file is memcached.xml
2015-10-19 15:20:58,222 [main] INFO  MemcachedManager.class - +++++isStart is false Start manager+++++
2015-10-19 15:20:58,222 [main] INFO  MemcachedManager.class - +++++use config file+++++memcached.xml
2015-10-19 15:20:58,240 [main] INFO  com.alisoft.xplatform.asf.cache.impl.DefaultCacheImpl - DefaultCache CheckService is start!
2015-10-19 15:20:58,290 [main] INFO  com.alisoft.xplatform.asf.cache.memcached.CacheUtil -  add memcachedClient config :mclient0
2015-10-19 15:20:58,290 [main] INFO  com.alisoft.xplatform.asf.cache.memcached.CacheUtil -  add memcachedClient config :mclient1
2015-10-19 15:20:58,290 [main] INFO  com.alisoft.xplatform.asf.cache.memcached.CacheUtil -  add memcachedClient config :mclient2
2015-10-19 15:20:58,291 [main] INFO  com.alisoft.xplatform.asf.cache.memcached.CacheUtil -  add socketpool config :pool0
2015-10-19 15:20:58,291 [main] INFO  com.alisoft.xplatform.asf.cache.memcached.CacheUtil -  add socketpool config :pool1
2015-10-19 15:20:58,291 [main] INFO  com.alisoft.xplatform.asf.cache.memcached.CacheUtil -  add socketpool config :pool2
2015-10-19 15:20:58,291 [main] INFO  com.alisoft.xplatform.asf.cache.memcached.CacheUtil -  add cluster config :cluster1
2015-10-19 15:20:58,292 [main] INFO  com.alisoft.xplatform.asf.cache.memcached.MemcachedCacheManager - load config from :/D:/EclipseWorkspace/zjparent/zjp2p-rpt/target/classes/memcached.xml
2015-10-19 15:21:01,317 [main] INFO  com.alisoft.xplatform.asf.cache.memcached.MemcachedCacheManager -  add socketpool :pool0
2015-10-19 15:21:04,321 [main] INFO  com.alisoft.xplatform.asf.cache.memcached.MemcachedCacheManager -  add socketpool :pool1
2015-10-19 15:21:07,325 [main] INFO  com.alisoft.xplatform.asf.cache.memcached.MemcachedCacheManager -  add socketpool :pool2
2015-10-19 15:21:07,335 [main] INFO  com.alisoft.xplatform.asf.cache.impl.DefaultCacheImpl - DefaultCache CheckService is start!
2015-10-19 15:21:07,348 [main] INFO  com.alisoft.xplatform.asf.cache.impl.DefaultCacheImpl - DefaultCache CheckService is start!
2015-10-19 15:21:07,350 [main] INFO  com.alisoft.xplatform.asf.cache.memcached.MemcachedCacheManager -  add memcachedClient :mclient0
2015-10-19 15:21:07,351 [main] INFO  com.alisoft.xplatform.asf.cache.impl.DefaultCacheImpl - DefaultCache CheckService is start!
2015-10-19 15:21:07,352 [main] INFO  com.alisoft.xplatform.asf.cache.impl.DefaultCacheImpl - DefaultCache CheckService is start!
2015-10-19 15:21:07,352 [main] INFO  com.alisoft.xplatform.asf.cache.memcached.MemcachedCacheManager -  add memcachedClient :mclient1
2015-10-19 15:21:07,352 [main] INFO  com.alisoft.xplatform.asf.cache.impl.DefaultCacheImpl - DefaultCache CheckService is start!
2015-10-19 15:21:07,353 [main] INFO  com.alisoft.xplatform.asf.cache.impl.DefaultCacheImpl - DefaultCache CheckService is start!
2015-10-19 15:21:07,353 [main] INFO  com.alisoft.xplatform.asf.cache.memcached.MemcachedCacheManager -  add memcachedClient :mclient2
2015-10-19 15:21:07,354 [main] WARN  CacheAdminFactory.class - ++++++++++cacheClient init++++++++++
2015-10-19 15:21:07,354 [main] INFO  MemcachedClient.class - +++call MemcachedClient default constructor
2015-10-19 15:21:07,354 [main] INFO  CacheAdminFactory.class - get memcached CacheClient 
2015-10-19 15:21:07,369 [main] DEBUG org.mybatis.spring.SqlSessionFactoryBean - Parsed mapper file: 'URL [jar:file:/D:/mvnrep/com/zjgt/p2p/zjp2p-system/1.0-SNAPSHOT/zjp2p-system-1.0-SNAPSHOT.jar!/com/zjgt/p2p/map/base/AreaDao.xml]'
2015-10-19 15:21:07,430 [main] DEBUG org.mybatis.spring.SqlSessionFactoryBean - Parsed mapper file: 'URL [jar:file:/D:/mvnrep/com/zjgt/p2p/zjp2p-system/1.0-SNAPSHOT/zjp2p-system-1.0-SNAPSHOT.jar!/com/zjgt/p2p/map/base/CodeInfoDao.xml]'
2015-10-19 15:21:07,448 [main] DEBUG org.mybatis.spring.SqlSessionFactoryBean - Parsed mapper file: 'URL [jar:file:/D:/mvnrep/com/zjgt/p2p/zjp2p-system/1.0-SNAPSHOT/zjp2p-system-1.0-SNAPSHOT.jar!/com/zjgt/p2p/map/base/CountryDao.xml]'
2015-10-19 15:21:07,468 [main] DEBUG org.mybatis.spring.SqlSessionFactoryBean - Parsed mapper file: 'URL [jar:file:/D:/mvnrep/com/zjgt/p2p/zjp2p-system/1.0-SNAPSHOT/zjp2p-system-1.0-SNAPSHOT.jar!/com/zjgt/p2p/map/base/ErrorLogMonitorDao.xml]'
2015-10-19 15:21:07,486 [main] DEBUG org.mybatis.spring.SqlSessionFactoryBean - Parsed mapper file: 'URL [jar:file:/D:/mvnrep/com/zjgt/p2p/zjp2p-system/1.0-SNAPSHOT/zjp2p-system-1.0-SNAPSHOT.jar!/com/zjgt/p2p/map/base/LoginLocaleDao.xml]'
2015-10-19 15:21:07,509 [main] DEBUG org.mybatis.spring.SqlSessionFactoryBean - Parsed mapper file: 'URL [jar:file:/D:/mvnrep/com/zjgt/p2p/zjp2p-system/1.0-SNAPSHOT/zjp2p-system-1.0-SNAPSHOT.jar!/com/zjgt/p2p/map/base/MenuDao.xml]'
2015-10-19 15:21:07,533 [main] DEBUG org.mybatis.spring.SqlSessionFactoryBean - Parsed mapper file: 'URL [jar:file:/D:/mvnrep/com/zjgt/p2p/zjp2p-system/1.0-SNAPSHOT/zjp2p-system-1.0-SNAPSHOT.jar!/com/zjgt/p2p/map/base/ModuleDao.xml]'
2015-10-19 15:21:07,561 [main] DEBUG org.mybatis.spring.SqlSessionFactoryBean - Parsed mapper file: 'URL [jar:file:/D:/mvnrep/com/zjgt/p2p/zjp2p-system/1.0-SNAPSHOT/zjp2p-system-1.0-SNAPSHOT.jar!/com/zjgt/p2p/map/base/OrganizationDao.xml]'
2015-10-19 15:21:07,578 [main] DEBUG org.mybatis.spring.SqlSessionFactoryBean - Parsed mapper file: 'URL [jar:file:/D:/mvnrep/com/zjgt/p2p/zjp2p-system/1.0-SNAPSHOT/zjp2p-system-1.0-SNAPSHOT.jar!/com/zjgt/p2p/map/base/ParamDao.xml]'
2015-10-19 15:21:07,608 [main] DEBUG org.mybatis.spring.SqlSessionFactoryBean - Parsed mapper file: 'URL [jar:file:/D:/mvnrep/com/zjgt/p2p/zjp2p-system/1.0-SNAPSHOT/zjp2p-system-1.0-SNAPSHOT.jar!/com/zjgt/p2p/map/base/RoleDao.xml]'
2015-10-19 15:21:07,623 [main] DEBUG org.mybatis.spring.SqlSessionFactoryBean - Parsed mapper file: 'URL [jar:file:/D:/mvnrep/com/zjgt/p2p/zjp2p-system/1.0-SNAPSHOT/zjp2p-system-1.0-SNAPSHOT.jar!/com/zjgt/p2p/map/base/SerialDao.xml]'
2015-10-19 15:21:07,671 [main] DEBUG org.mybatis.spring.SqlSessionFactoryBean - Parsed mapper file: 'URL [jar:file:/D:/mvnrep/com/zjgt/p2p/zjp2p-system/1.0-SNAPSHOT/zjp2p-system-1.0-SNAPSHOT.jar!/com/zjgt/p2p/map/base/StaffDao.xml]'
2015-10-19 15:21:07,689 [main] DEBUG org.mybatis.spring.SqlSessionFactoryBean - Parsed mapper file: 'URL [jar:file:/D:/mvnrep/com/zjgt/p2p/zjp2p-system/1.0-SNAPSHOT/zjp2p-system-1.0-SNAPSHOT.jar!/com/zjgt/p2p/map/base/TransactionDao.xml]'
2015-10-19 15:21:07,709 [main] DEBUG org.mybatis.spring.SqlSessionFactoryBean - Parsed mapper file: 'URL [jar:file:/D:/mvnrep/com/zjgt/p2p/zjp2p-system/1.0-SNAPSHOT/zjp2p-system-1.0-SNAPSHOT.jar!/com/zjgt/p2p/map/base/WebTransDao.xml]'
2015-10-19 15:21:07,744 [main] INFO  org.springfk.pancloud.daoframework.cache.preload.PreloadService - 没有开启预加载！
2015-10-19 15:21:07,804 [main] DEBUG org.mybatis.spring.SqlSessionFactoryBean - Parsed configuration file: 'class path resource [sqlmap.xml]'
2015-10-19 15:21:07,873 [main] DEBUG org.mybatis.spring.SqlSessionFactoryBean - Parsed mapper file: 'file [D:\EclipseWorkspace\zjparent\zjp2p-rpt\target\classes\com\zjgt\p2p\report\map\CpsStatMapper.xml]'
2015-10-19 15:21:07,921 [main] DEBUG org.mybatis.spring.SqlSessionFactoryBean - Parsed mapper file: 'file [D:\EclipseWorkspace\zjparent\zjp2p-rpt\target\classes\com\zjgt\p2p\report\map\DailyStatMapper.xml]'
2015-10-19 15:21:07,950 [main] DEBUG org.mybatis.spring.SqlSessionFactoryBean - Parsed mapper file: 'file [D:\EclipseWorkspace\zjparent\zjp2p-rpt\target\classes\com\zjgt\p2p\report\map\InvestInfoMapper.xml]'
2015-10-19 15:21:07,988 [main] DEBUG org.mybatis.spring.SqlSessionFactoryBean - Parsed mapper file: 'file [D:\EclipseWorkspace\zjparent\zjp2p-rpt\target\classes\com\zjgt\p2p\report\map\OpTranslogMapper.xml]'
2015-10-19 15:21:08,016 [main] DEBUG org.mybatis.spring.SqlSessionFactoryBean - Parsed mapper file: 'file [D:\EclipseWorkspace\zjparent\zjp2p-rpt\target\classes\com\zjgt\p2p\report\map\TranslogMapper.xml]'
2015-10-19 15:21:08,041 [main] DEBUG org.mybatis.spring.SqlSessionFactoryBean - Parsed mapper file: 'file [D:\EclipseWorkspace\zjparent\zjp2p-rpt\target\classes\com\zjgt\p2p\report\map\UserInvestInfoMapper.xml]'
2015-10-19 15:21:08,067 [main] DEBUG org.mybatis.spring.SqlSessionFactoryBean - Parsed configuration file: 'class path resource [sqlmap.xml]'
2015-10-19 15:21:08,326 [main] DEBUG org.mybatis.spring.SqlSessionFactoryBean - Parsed mapper file: 'file [D:\EclipseWorkspace\zjparent\zjp2p-rpt\target\classes\com\zjgt\p2p\source\map\LendInfoMapper.xml]'
2015-10-19 15:21:08,352 [main] DEBUG org.mybatis.spring.SqlSessionFactoryBean - Parsed mapper file: 'file [D:\EclipseWorkspace\zjparent\zjp2p-rpt\target\classes\com\zjgt\p2p\source\map\UserInfoMapper.xml]'
2015-10-19 15:21:08,949 [Thread-7] INFO  org.springframework.context.support.GenericApplicationContext - Closing org.springframework.context.support.GenericApplicationContext@5dbd3f6f: startup date [Mon Oct 19 15:20:57 CST 2015]; root of context hierarchy
2015-10-19 15:21:08,951 [Thread-7] INFO  org.springframework.beans.factory.support.DefaultListableBeanFactory - Destroying singletons in org.springframework.beans.factory.support.DefaultListableBeanFactory@1d5bd19e: defining beans [org.springframework.context.annotation.internalConfigurationAnnotationProcessor,org.springframework.context.annotation.internalAutowiredAnnotationProcessor,org.springframework.context.annotation.internalRequiredAnnotationProcessor,org.springframework.context.annotation.internalCommonAnnotationProcessor,ArticlecategoryService,articleService,cpsAnalysisService,cpsStatService,dailystatService,fuYouService,InvestService,lendInfoService,realService,userInvestInfoService,UserSumService,asyncService,activityLogService,areaService,codeInfoService,countryService,errorLogMonitorService,loginLocaleService,menuService,moduleService,organizationService,paramService,roleService,serialService,staffAccountService,transactionService,webTransService,validator,propertiesUtils,springContextUtil,preloadService,cacheAdminFactory,cacheClient,org.springframework.context.support.PropertySourcesPlaceholderConfigurer#0,dataSource,sqlSessionFactory,org.mybatis.spring.mapper.MapperScannerConfigurer#0,transactionManager,org.springframework.aop.config.internalAutoProxyCreator,org.springframework.transaction.annotation.AnnotationTransactionAttributeSource#0,org.springframework.transaction.interceptor.TransactionInterceptor#0,org.springframework.transaction.config.internalTransactionAdvisor,transactionAdvice,transactionPointcut,org.springframework.aop.support.DefaultBeanFactoryPointcutAdvisor#0,druid-stat-interceptor,druid-stat-pointcut,org.springframework.aop.support.DefaultBeanFactoryPointcutAdvisor#1,dataSource_rpt,rpt_sqlSessionFactory,org.mybatis.spring.mapper.MapperScannerConfigurer#1,dataSource_source,source_sqlSessionFactory,org.mybatis.spring.mapper.MapperScannerConfigurer#2,org.springframework.context.annotation.ConfigurationClassPostProcessor.importAwareProcessor,articlecategoryMapper,articleMapper,articletagMapper,tagMapper,activityLogDao,areaDao,codeInfoDao,countryDao,errorLogMonitorDao,loginLocaleDao,menuDao,moduleDao,organizationDao,paramDao,roleDao,serialDao,staffDao,transactionDao,webTransDao,cpsStatMapper,dailyStatMapper,investInfoMapper,opTranslogMapper,translogMapper,userInvestInfoMapper,lendInfoMapper,userInfoMapper]; root of factory hierarchy
