2015-10-09 17:44:02,589 [main] INFO  org.springframework.beans.factory.xml.XmlBeanDefinitionReader - Loading XML bean definitions from class path resource [applicationContext.xml]
2015-10-09 17:44:02,870 [main] INFO  org.springframework.beans.factory.xml.XmlBeanDefinitionReader - Loading XML bean definitions from class path resource [applicationContext-mybatis.xml]
2015-10-09 17:44:02,970 [main] INFO  org.springframework.context.support.GenericApplicationContext - Refreshing org.springframework.context.support.GenericApplicationContext@286797ae: startup date [Fri Oct 09 17:44:02 CST 2015]; root of context hierarchy
2015-10-09 17:44:03,113 [main] DEBUG org.mybatis.spring.mapper.ClassPathMapperScanner - Identified candidate component class: file [D:\EclipseWorkspace\zjparent\zjp2p-rpt\target\classes\com\zjgt\p2p\article\dao\ArticlecategoryMapper.class]
2015-10-09 17:44:03,113 [main] DEBUG org.mybatis.spring.mapper.ClassPathMapperScanner - Identified candidate component class: file [D:\EclipseWorkspace\zjparent\zjp2p-rpt\target\classes\com\zjgt\p2p\article\dao\ArticleMapper.class]
2015-10-09 17:44:03,113 [main] DEBUG org.mybatis.spring.mapper.ClassPathMapperScanner - Identified candidate component class: file [D:\EclipseWorkspace\zjparent\zjp2p-rpt\target\classes\com\zjgt\p2p\article\dao\ArticletagMapper.class]
2015-10-09 17:44:03,113 [main] DEBUG org.mybatis.spring.mapper.ClassPathMapperScanner - Identified candidate component class: file [D:\EclipseWorkspace\zjparent\zjp2p-rpt\target\classes\com\zjgt\p2p\article\dao\TagMapper.class]
2015-10-09 17:44:03,116 [main] DEBUG org.mybatis.spring.mapper.ClassPathMapperScanner - Identified candidate component class: URL [jar:file:/D:/mvnrep/com/zjgt/p2p/zjp2p-system/1.0-SNAPSHOT/zjp2p-system-1.0-SNAPSHOT.jar!/com/zjgt/p2p/base/dao/ActivityLogDao.class]
2015-10-09 17:44:03,117 [main] DEBUG org.mybatis.spring.mapper.ClassPathMapperScanner - Identified candidate component class: URL [jar:file:/D:/mvnrep/com/zjgt/p2p/zjp2p-system/1.0-SNAPSHOT/zjp2p-system-1.0-SNAPSHOT.jar!/com/zjgt/p2p/base/dao/AreaDao.class]
2015-10-09 17:44:03,117 [main] DEBUG org.mybatis.spring.mapper.ClassPathMapperScanner - Identified candidate component class: URL [jar:file:/D:/mvnrep/com/zjgt/p2p/zjp2p-system/1.0-SNAPSHOT/zjp2p-system-1.0-SNAPSHOT.jar!/com/zjgt/p2p/base/dao/CodeInfoDao.class]
2015-10-09 17:44:03,118 [main] DEBUG org.mybatis.spring.mapper.ClassPathMapperScanner - Identified candidate component class: URL [jar:file:/D:/mvnrep/com/zjgt/p2p/zjp2p-system/1.0-SNAPSHOT/zjp2p-system-1.0-SNAPSHOT.jar!/com/zjgt/p2p/base/dao/CountryDao.class]
2015-10-09 17:44:03,118 [main] DEBUG org.mybatis.spring.mapper.ClassPathMapperScanner - Identified candidate component class: URL [jar:file:/D:/mvnrep/com/zjgt/p2p/zjp2p-system/1.0-SNAPSHOT/zjp2p-system-1.0-SNAPSHOT.jar!/com/zjgt/p2p/base/dao/ErrorLogMonitorDao.class]
2015-10-09 17:44:03,119 [main] DEBUG org.mybatis.spring.mapper.ClassPathMapperScanner - Identified candidate component class: URL [jar:file:/D:/mvnrep/com/zjgt/p2p/zjp2p-system/1.0-SNAPSHOT/zjp2p-system-1.0-SNAPSHOT.jar!/com/zjgt/p2p/base/dao/LoginLocaleDao.class]
2015-10-09 17:44:03,119 [main] DEBUG org.mybatis.spring.mapper.ClassPathMapperScanner - Identified candidate component class: URL [jar:file:/D:/mvnrep/com/zjgt/p2p/zjp2p-system/1.0-SNAPSHOT/zjp2p-system-1.0-SNAPSHOT.jar!/com/zjgt/p2p/base/dao/MenuDao.class]
2015-10-09 17:44:03,120 [main] DEBUG org.mybatis.spring.mapper.ClassPathMapperScanner - Identified candidate component class: URL [jar:file:/D:/mvnrep/com/zjgt/p2p/zjp2p-system/1.0-SNAPSHOT/zjp2p-system-1.0-SNAPSHOT.jar!/com/zjgt/p2p/base/dao/ModuleDao.class]
2015-10-09 17:44:03,120 [main] DEBUG org.mybatis.spring.mapper.ClassPathMapperScanner - Identified candidate component class: URL [jar:file:/D:/mvnrep/com/zjgt/p2p/zjp2p-system/1.0-SNAPSHOT/zjp2p-system-1.0-SNAPSHOT.jar!/com/zjgt/p2p/base/dao/OrganizationDao.class]
2015-10-09 17:44:03,121 [main] DEBUG org.mybatis.spring.mapper.ClassPathMapperScanner - Identified candidate component class: URL [jar:file:/D:/mvnrep/com/zjgt/p2p/zjp2p-system/1.0-SNAPSHOT/zjp2p-system-1.0-SNAPSHOT.jar!/com/zjgt/p2p/base/dao/ParamDao.class]
2015-10-09 17:44:03,121 [main] DEBUG org.mybatis.spring.mapper.ClassPathMapperScanner - Identified candidate component class: URL [jar:file:/D:/mvnrep/com/zjgt/p2p/zjp2p-system/1.0-SNAPSHOT/zjp2p-system-1.0-SNAPSHOT.jar!/com/zjgt/p2p/base/dao/RoleDao.class]
2015-10-09 17:44:03,122 [main] DEBUG org.mybatis.spring.mapper.ClassPathMapperScanner - Identified candidate component class: URL [jar:file:/D:/mvnrep/com/zjgt/p2p/zjp2p-system/1.0-SNAPSHOT/zjp2p-system-1.0-SNAPSHOT.jar!/com/zjgt/p2p/base/dao/SerialDao.class]
2015-10-09 17:44:03,122 [main] DEBUG org.mybatis.spring.mapper.ClassPathMapperScanner - Identified candidate component class: URL [jar:file:/D:/mvnrep/com/zjgt/p2p/zjp2p-system/1.0-SNAPSHOT/zjp2p-system-1.0-SNAPSHOT.jar!/com/zjgt/p2p/base/dao/StaffDao.class]
2015-10-09 17:44:03,122 [main] DEBUG org.mybatis.spring.mapper.ClassPathMapperScanner - Identified candidate component class: URL [jar:file:/D:/mvnrep/com/zjgt/p2p/zjp2p-system/1.0-SNAPSHOT/zjp2p-system-1.0-SNAPSHOT.jar!/com/zjgt/p2p/base/dao/TransactionDao.class]
2015-10-09 17:44:03,123 [main] DEBUG org.mybatis.spring.mapper.ClassPathMapperScanner - Identified candidate component class: URL [jar:file:/D:/mvnrep/com/zjgt/p2p/zjp2p-system/1.0-SNAPSHOT/zjp2p-system-1.0-SNAPSHOT.jar!/com/zjgt/p2p/base/dao/WebTransDao.class]
2015-10-09 17:44:03,124 [main] DEBUG org.mybatis.spring.mapper.ClassPathMapperScanner - Creating MapperFactoryBean with name 'articlecategoryMapper' and 'com.zjgt.p2p.article.dao.ArticlecategoryMapper' mapperInterface
2015-10-09 17:44:03,126 [main] DEBUG org.mybatis.spring.mapper.ClassPathMapperScanner - Creating MapperFactoryBean with name 'articleMapper' and 'com.zjgt.p2p.article.dao.ArticleMapper' mapperInterface
2015-10-09 17:44:03,126 [main] DEBUG org.mybatis.spring.mapper.ClassPathMapperScanner - Creating MapperFactoryBean with name 'articletagMapper' and 'com.zjgt.p2p.article.dao.ArticletagMapper' mapperInterface
2015-10-09 17:44:03,126 [main] DEBUG org.mybatis.spring.mapper.ClassPathMapperScanner - Creating MapperFactoryBean with name 'tagMapper' and 'com.zjgt.p2p.article.dao.TagMapper' mapperInterface
2015-10-09 17:44:03,126 [main] DEBUG org.mybatis.spring.mapper.ClassPathMapperScanner - Creating MapperFactoryBean with name 'activityLogDao' and 'com.zjgt.p2p.base.dao.ActivityLogDao' mapperInterface
2015-10-09 17:44:03,126 [main] DEBUG org.mybatis.spring.mapper.ClassPathMapperScanner - Creating MapperFactoryBean with name 'areaDao' and 'com.zjgt.p2p.base.dao.AreaDao' mapperInterface
2015-10-09 17:44:03,126 [main] DEBUG org.mybatis.spring.mapper.ClassPathMapperScanner - Creating MapperFactoryBean with name 'codeInfoDao' and 'com.zjgt.p2p.base.dao.CodeInfoDao' mapperInterface
2015-10-09 17:44:03,126 [main] DEBUG org.mybatis.spring.mapper.ClassPathMapperScanner - Creating MapperFactoryBean with name 'countryDao' and 'com.zjgt.p2p.base.dao.CountryDao' mapperInterface
2015-10-09 17:44:03,126 [main] DEBUG org.mybatis.spring.mapper.ClassPathMapperScanner - Creating MapperFactoryBean with name 'errorLogMonitorDao' and 'com.zjgt.p2p.base.dao.ErrorLogMonitorDao' mapperInterface
2015-10-09 17:44:03,126 [main] DEBUG org.mybatis.spring.mapper.ClassPathMapperScanner - Creating MapperFactoryBean with name 'loginLocaleDao' and 'com.zjgt.p2p.base.dao.LoginLocaleDao' mapperInterface
2015-10-09 17:44:03,126 [main] DEBUG org.mybatis.spring.mapper.ClassPathMapperScanner - Creating MapperFactoryBean with name 'menuDao' and 'com.zjgt.p2p.base.dao.MenuDao' mapperInterface
2015-10-09 17:44:03,126 [main] DEBUG org.mybatis.spring.mapper.ClassPathMapperScanner - Creating MapperFactoryBean with name 'moduleDao' and 'com.zjgt.p2p.base.dao.ModuleDao' mapperInterface
2015-10-09 17:44:03,126 [main] DEBUG org.mybatis.spring.mapper.ClassPathMapperScanner - Creating MapperFactoryBean with name 'organizationDao' and 'com.zjgt.p2p.base.dao.OrganizationDao' mapperInterface
2015-10-09 17:44:03,126 [main] DEBUG org.mybatis.spring.mapper.ClassPathMapperScanner - Creating MapperFactoryBean with name 'paramDao' and 'com.zjgt.p2p.base.dao.ParamDao' mapperInterface
2015-10-09 17:44:03,126 [main] DEBUG org.mybatis.spring.mapper.ClassPathMapperScanner - Creating MapperFactoryBean with name 'roleDao' and 'com.zjgt.p2p.base.dao.RoleDao' mapperInterface
2015-10-09 17:44:03,127 [main] DEBUG org.mybatis.spring.mapper.ClassPathMapperScanner - Creating MapperFactoryBean with name 'serialDao' and 'com.zjgt.p2p.base.dao.SerialDao' mapperInterface
2015-10-09 17:44:03,127 [main] DEBUG org.mybatis.spring.mapper.ClassPathMapperScanner - Creating MapperFactoryBean with name 'staffDao' and 'com.zjgt.p2p.base.dao.StaffDao' mapperInterface
2015-10-09 17:44:03,127 [main] DEBUG org.mybatis.spring.mapper.ClassPathMapperScanner - Creating MapperFactoryBean with name 'transactionDao' and 'com.zjgt.p2p.base.dao.TransactionDao' mapperInterface
2015-10-09 17:44:03,127 [main] DEBUG org.mybatis.spring.mapper.ClassPathMapperScanner - Creating MapperFactoryBean with name 'webTransDao' and 'com.zjgt.p2p.base.dao.WebTransDao' mapperInterface
2015-10-09 17:44:03,128 [main] DEBUG org.mybatis.spring.mapper.ClassPathMapperScanner - Identified candidate component class: file [D:\EclipseWorkspace\zjparent\zjp2p-rpt\target\classes\com\zjgt\p2p\report\dao\CpsStatMapper.class]
2015-10-09 17:44:03,128 [main] DEBUG org.mybatis.spring.mapper.ClassPathMapperScanner - Creating MapperFactoryBean with name 'cpsStatMapper' and 'com.zjgt.p2p.report.dao.CpsStatMapper' mapperInterface
2015-10-09 17:44:03,129 [main] DEBUG org.mybatis.spring.mapper.ClassPathMapperScanner - Identified candidate component class: file [D:\EclipseWorkspace\zjparent\zjp2p-rpt\target\classes\com\zjgt\p2p\report\dao\CpsStatMapper.class]
2015-10-09 17:44:03,130 [main] WARN  org.mybatis.spring.mapper.ClassPathMapperScanner - Skipping MapperFactoryBean with name 'cpsStatMapper' and 'com.zjgt.p2p.report.dao.CpsStatMapper' mapperInterface. Bean already defined with the same name!
2015-10-09 17:44:03,131 [main] WARN  org.mybatis.spring.mapper.ClassPathMapperScanner - No MyBatis mapper was found in '[com.zjgt.p2p.report.dao, com.zjgt.p2p.crm.dao]' package. Please check your configuration.
2015-10-09 17:44:03,143 [main] INFO  org.springframework.context.support.PropertySourcesPlaceholderConfigurer - Loading properties file from class path resource [config.properties]
2015-10-09 17:44:03,192 [main] INFO  org.springframework.beans.factory.support.DefaultListableBeanFactory - Pre-instantiating singletons in org.springframework.beans.factory.support.DefaultListableBeanFactory@520e3850: defining beans [org.springframework.context.annotation.internalConfigurationAnnotationProcessor,org.springframework.context.annotation.internalAutowiredAnnotationProcessor,org.springframework.context.annotation.internalRequiredAnnotationProcessor,org.springframework.context.annotation.internalCommonAnnotationProcessor,ArticlecategoryService,articleService,cpsAnalysisService,cpsStatService,asyncService,activityLogService,areaService,codeInfoService,countryService,errorLogMonitorService,loginLocaleService,menuService,moduleService,organizationService,paramService,roleService,serialService,staffAccountService,transactionService,webTransService,validator,propertiesUtils,springContextUtil,preloadService,cacheAdminFactory,cacheClient,org.springframework.context.support.PropertySourcesPlaceholderConfigurer#0,dataSource,sqlSessionFactory,org.mybatis.spring.mapper.MapperScannerConfigurer#0,transactionManager,org.springframework.aop.config.internalAutoProxyCreator,org.springframework.transaction.annotation.AnnotationTransactionAttributeSource#0,org.springframework.transaction.interceptor.TransactionInterceptor#0,org.springframework.transaction.config.internalTransactionAdvisor,transactionAdvice,transactionPointcut,org.springframework.aop.support.DefaultBeanFactoryPointcutAdvisor#0,druid-stat-interceptor,druid-stat-pointcut,org.springframework.aop.support.DefaultBeanFactoryPointcutAdvisor#1,dataSource_rpt,rpt_sqlSessionFactory,org.mybatis.spring.mapper.MapperScannerConfigurer#1,dataSource_source,source_sqlSessionFactory,org.mybatis.spring.mapper.MapperScannerConfigurer#2,org.springframework.context.annotation.ConfigurationClassPostProcessor.importAwareProcessor,articlecategoryMapper,articleMapper,articletagMapper,tagMapper,activityLogDao,areaDao,codeInfoDao,countryDao,errorLogMonitorDao,loginLocaleDao,menuDao,moduleDao,organizationDao,paramDao,roleDao,serialDao,staffDao,transactionDao,webTransDao,cpsStatMapper]; root of factory hierarchy
2015-10-09 17:44:03,390 [main] DEBUG org.apache.ibatis.logging.LogFactory - Logging initialized using 'class org.apache.ibatis.logging.slf4j.Slf4jImpl' adapter.
2015-10-09 17:44:03,750 [main] DEBUG org.mybatis.spring.SqlSessionFactoryBean - Parsed configuration file: 'class path resource [sqlmap.xml]'
2015-10-09 17:44:04,010 [main] DEBUG org.mybatis.spring.SqlSessionFactoryBean - Parsed mapper file: 'file [D:\EclipseWorkspace\zjparent\zjp2p-rpt\target\classes\com\zjgt\p2p\map\ArticlecategoryMapper.xml]'
2015-10-09 17:44:04,065 [main] DEBUG org.mybatis.spring.SqlSessionFactoryBean - Parsed mapper file: 'file [D:\EclipseWorkspace\zjparent\zjp2p-rpt\target\classes\com\zjgt\p2p\map\ArticleMapper.xml]'
2015-10-09 17:44:04,088 [main] DEBUG org.mybatis.spring.SqlSessionFactoryBean - Parsed mapper file: 'file [D:\EclipseWorkspace\zjparent\zjp2p-rpt\target\classes\com\zjgt\p2p\map\ArticletagMapper.xml]'
2015-10-09 17:44:04,104 [main] DEBUG org.mybatis.spring.SqlSessionFactoryBean - Parsed mapper file: 'URL [jar:file:/D:/mvnrep/com/zjgt/p2p/zjp2p-system/1.0-SNAPSHOT/zjp2p-system-1.0-SNAPSHOT.jar!/com/zjgt/p2p/map/base/ActivityLogDao.xml]'
2015-10-09 17:44:04,121 [main] INFO  CacheAdminFactory.class - call CacheAdminFactory getInstance with no args
2015-10-09 17:44:04,121 [main] INFO  CacheAdminFactory.class - call CacheAdminFactory default constructor
2015-10-09 17:44:04,124 [main] INFO  CacheAdminFactory.class - init memcached config file is memcached.xml
2015-10-09 17:44:04,124 [main] INFO  MemcachedManager.class - +++++isStart is false Start manager+++++
2015-10-09 17:44:04,124 [main] INFO  MemcachedManager.class - +++++use config file+++++memcached.xml
2015-10-09 17:44:04,141 [main] INFO  com.alisoft.xplatform.asf.cache.impl.DefaultCacheImpl - DefaultCache CheckService is start!
2015-10-09 17:44:04,185 [main] INFO  com.alisoft.xplatform.asf.cache.memcached.CacheUtil -  add memcachedClient config :mclient0
2015-10-09 17:44:04,185 [main] INFO  com.alisoft.xplatform.asf.cache.memcached.CacheUtil -  add memcachedClient config :mclient1
2015-10-09 17:44:04,185 [main] INFO  com.alisoft.xplatform.asf.cache.memcached.CacheUtil -  add memcachedClient config :mclient2
2015-10-09 17:44:04,186 [main] INFO  com.alisoft.xplatform.asf.cache.memcached.CacheUtil -  add socketpool config :pool0
2015-10-09 17:44:04,186 [main] INFO  com.alisoft.xplatform.asf.cache.memcached.CacheUtil -  add socketpool config :pool1
2015-10-09 17:44:04,186 [main] INFO  com.alisoft.xplatform.asf.cache.memcached.CacheUtil -  add socketpool config :pool2
2015-10-09 17:44:04,187 [main] INFO  com.alisoft.xplatform.asf.cache.memcached.CacheUtil -  add cluster config :cluster1
2015-10-09 17:44:04,188 [main] INFO  com.alisoft.xplatform.asf.cache.memcached.MemcachedCacheManager - load config from :/D:/EclipseWorkspace/zjparent/zjp2p-rpt/target/classes/memcached.xml
2015-10-09 17:44:07,212 [main] INFO  com.alisoft.xplatform.asf.cache.memcached.MemcachedCacheManager -  add socketpool :pool0
2015-10-09 17:44:10,215 [main] INFO  com.alisoft.xplatform.asf.cache.memcached.MemcachedCacheManager -  add socketpool :pool1
2015-10-09 17:44:13,219 [main] INFO  com.alisoft.xplatform.asf.cache.memcached.MemcachedCacheManager -  add socketpool :pool2
2015-10-09 17:44:13,228 [main] INFO  com.alisoft.xplatform.asf.cache.impl.DefaultCacheImpl - DefaultCache CheckService is start!
2015-10-09 17:44:13,240 [main] INFO  com.alisoft.xplatform.asf.cache.impl.DefaultCacheImpl - DefaultCache CheckService is start!
2015-10-09 17:44:13,243 [main] INFO  com.alisoft.xplatform.asf.cache.memcached.MemcachedCacheManager -  add memcachedClient :mclient0
2015-10-09 17:44:13,243 [main] INFO  com.alisoft.xplatform.asf.cache.impl.DefaultCacheImpl - DefaultCache CheckService is start!
2015-10-09 17:44:13,244 [main] INFO  com.alisoft.xplatform.asf.cache.impl.DefaultCacheImpl - DefaultCache CheckService is start!
2015-10-09 17:44:13,245 [main] INFO  com.alisoft.xplatform.asf.cache.memcached.MemcachedCacheManager -  add memcachedClient :mclient1
2015-10-09 17:44:13,245 [main] INFO  com.alisoft.xplatform.asf.cache.impl.DefaultCacheImpl - DefaultCache CheckService is start!
2015-10-09 17:44:13,246 [main] INFO  com.alisoft.xplatform.asf.cache.impl.DefaultCacheImpl - DefaultCache CheckService is start!
2015-10-09 17:44:13,247 [main] INFO  com.alisoft.xplatform.asf.cache.memcached.MemcachedCacheManager -  add memcachedClient :mclient2
2015-10-09 17:44:13,248 [main] WARN  CacheAdminFactory.class - ++++++++++cacheClient init++++++++++
2015-10-09 17:44:13,250 [main] INFO  MemcachedClient.class - +++call MemcachedClient default constructor
2015-10-09 17:44:13,251 [main] INFO  CacheAdminFactory.class - get memcached CacheClient 
2015-10-09 17:44:13,283 [main] DEBUG org.mybatis.spring.SqlSessionFactoryBean - Parsed mapper file: 'URL [jar:file:/D:/mvnrep/com/zjgt/p2p/zjp2p-system/1.0-SNAPSHOT/zjp2p-system-1.0-SNAPSHOT.jar!/com/zjgt/p2p/map/base/AreaDao.xml]'
2015-10-09 17:44:13,329 [main] DEBUG org.mybatis.spring.SqlSessionFactoryBean - Parsed mapper file: 'URL [jar:file:/D:/mvnrep/com/zjgt/p2p/zjp2p-system/1.0-SNAPSHOT/zjp2p-system-1.0-SNAPSHOT.jar!/com/zjgt/p2p/map/base/CodeInfoDao.xml]'
2015-10-09 17:44:13,343 [main] DEBUG org.mybatis.spring.SqlSessionFactoryBean - Parsed mapper file: 'URL [jar:file:/D:/mvnrep/com/zjgt/p2p/zjp2p-system/1.0-SNAPSHOT/zjp2p-system-1.0-SNAPSHOT.jar!/com/zjgt/p2p/map/base/CountryDao.xml]'
2015-10-09 17:44:13,364 [main] DEBUG org.mybatis.spring.SqlSessionFactoryBean - Parsed mapper file: 'URL [jar:file:/D:/mvnrep/com/zjgt/p2p/zjp2p-system/1.0-SNAPSHOT/zjp2p-system-1.0-SNAPSHOT.jar!/com/zjgt/p2p/map/base/ErrorLogMonitorDao.xml]'
2015-10-09 17:44:13,381 [main] DEBUG org.mybatis.spring.SqlSessionFactoryBean - Parsed mapper file: 'URL [jar:file:/D:/mvnrep/com/zjgt/p2p/zjp2p-system/1.0-SNAPSHOT/zjp2p-system-1.0-SNAPSHOT.jar!/com/zjgt/p2p/map/base/LoginLocaleDao.xml]'
2015-10-09 17:44:13,403 [main] DEBUG org.mybatis.spring.SqlSessionFactoryBean - Parsed mapper file: 'URL [jar:file:/D:/mvnrep/com/zjgt/p2p/zjp2p-system/1.0-SNAPSHOT/zjp2p-system-1.0-SNAPSHOT.jar!/com/zjgt/p2p/map/base/MenuDao.xml]'
2015-10-09 17:44:13,426 [main] DEBUG org.mybatis.spring.SqlSessionFactoryBean - Parsed mapper file: 'URL [jar:file:/D:/mvnrep/com/zjgt/p2p/zjp2p-system/1.0-SNAPSHOT/zjp2p-system-1.0-SNAPSHOT.jar!/com/zjgt/p2p/map/base/ModuleDao.xml]'
2015-10-09 17:44:13,447 [main] DEBUG org.mybatis.spring.SqlSessionFactoryBean - Parsed mapper file: 'URL [jar:file:/D:/mvnrep/com/zjgt/p2p/zjp2p-system/1.0-SNAPSHOT/zjp2p-system-1.0-SNAPSHOT.jar!/com/zjgt/p2p/map/base/OrganizationDao.xml]'
2015-10-09 17:44:13,481 [main] DEBUG org.mybatis.spring.SqlSessionFactoryBean - Parsed mapper file: 'URL [jar:file:/D:/mvnrep/com/zjgt/p2p/zjp2p-system/1.0-SNAPSHOT/zjp2p-system-1.0-SNAPSHOT.jar!/com/zjgt/p2p/map/base/ParamDao.xml]'
2015-10-09 17:44:13,511 [main] DEBUG org.mybatis.spring.SqlSessionFactoryBean - Parsed mapper file: 'URL [jar:file:/D:/mvnrep/com/zjgt/p2p/zjp2p-system/1.0-SNAPSHOT/zjp2p-system-1.0-SNAPSHOT.jar!/com/zjgt/p2p/map/base/RoleDao.xml]'
2015-10-09 17:44:13,527 [main] DEBUG org.mybatis.spring.SqlSessionFactoryBean - Parsed mapper file: 'URL [jar:file:/D:/mvnrep/com/zjgt/p2p/zjp2p-system/1.0-SNAPSHOT/zjp2p-system-1.0-SNAPSHOT.jar!/com/zjgt/p2p/map/base/SerialDao.xml]'
2015-10-09 17:44:13,575 [main] DEBUG org.mybatis.spring.SqlSessionFactoryBean - Parsed mapper file: 'URL [jar:file:/D:/mvnrep/com/zjgt/p2p/zjp2p-system/1.0-SNAPSHOT/zjp2p-system-1.0-SNAPSHOT.jar!/com/zjgt/p2p/map/base/StaffDao.xml]'
2015-10-09 17:44:13,593 [main] DEBUG org.mybatis.spring.SqlSessionFactoryBean - Parsed mapper file: 'URL [jar:file:/D:/mvnrep/com/zjgt/p2p/zjp2p-system/1.0-SNAPSHOT/zjp2p-system-1.0-SNAPSHOT.jar!/com/zjgt/p2p/map/base/TransactionDao.xml]'
2015-10-09 17:44:13,613 [main] DEBUG org.mybatis.spring.SqlSessionFactoryBean - Parsed mapper file: 'URL [jar:file:/D:/mvnrep/com/zjgt/p2p/zjp2p-system/1.0-SNAPSHOT/zjp2p-system-1.0-SNAPSHOT.jar!/com/zjgt/p2p/map/base/WebTransDao.xml]'
2015-10-09 17:44:13,647 [main] INFO  org.springfk.pancloud.daoframework.cache.preload.PreloadService - 没有开启预加载！
2015-10-09 17:44:13,704 [main] DEBUG org.mybatis.spring.SqlSessionFactoryBean - Parsed configuration file: 'class path resource [sqlmap.xml]'
2015-10-09 17:44:13,773 [main] DEBUG org.mybatis.spring.SqlSessionFactoryBean - Parsed mapper file: 'file [D:\EclipseWorkspace\zjparent\zjp2p-rpt\target\classes\com\zjgt\p2p\report\map\CpsStatMapper.xml]'
2015-10-09 17:44:13,799 [main] DEBUG org.mybatis.spring.SqlSessionFactoryBean - Parsed configuration file: 'class path resource [sqlmap.xml]'
2015-10-09 17:44:14,032 [main] DEBUG org.mybatis.spring.SqlSessionFactoryBean - Property 'mapperLocations' was not specified or no matching resources found
2015-10-09 17:44:14,197 [main] DEBUG org.mybatis.spring.SqlSessionUtils - Creating a new SqlSession
2015-10-09 17:44:14,207 [main] DEBUG org.mybatis.spring.SqlSessionUtils - SqlSession [org.apache.ibatis.session.defaults.DefaultSqlSession@1c572ca0] was not registered for synchronization because synchronization is not active
2015-10-09 17:44:14,247 [main] DEBUG org.springframework.jdbc.datasource.DataSourceUtils - Fetching JDBC Connection from DataSource
2015-10-09 17:44:14,248 [main] DEBUG org.mybatis.spring.transaction.SpringManagedTransaction - JDBC Connection [com.alibaba.druid.proxy.jdbc.ConnectionProxyImpl@583a1bd] will not be managed by Spring
2015-10-09 17:44:14,249 [main] DEBUG com.zjgt.p2p.report.dao.CpsStatMapper.insertCpsAnalysis - ooo Using Connection [com.alibaba.druid.proxy.jdbc.ConnectionProxyImpl@583a1bd]
2015-10-09 17:44:14,252 [main] DEBUG com.zjgt.p2p.report.dao.CpsStatMapper.insertCpsAnalysis - ==>  Preparing: INSERT INTO cpsstat(curDate,cpscode,cpsname,regcnt,openaccnt,investamount,investcnt,avginvestamount,investrate,remark) VALUES 
2015-10-09 17:44:14,275 [main] DEBUG com.zjgt.p2p.report.dao.CpsStatMapper.insertCpsAnalysis - ==> Parameters: 
2015-10-09 17:44:14,286 [main] INFO  org.springframework.beans.factory.xml.XmlBeanDefinitionReader - Loading XML bean definitions from class path resource [org/springframework/jdbc/support/sql-error-codes.xml]
2015-10-09 17:44:14,320 [main] INFO  org.springframework.jdbc.support.SQLErrorCodesFactory - SQLErrorCodes loaded: [DB2, Derby, H2, HSQL, Informix, MS-SQL, MySQL, Oracle, PostgreSQL, Sybase]
2015-10-09 17:44:14,321 [main] DEBUG org.springframework.jdbc.support.SQLErrorCodesFactory - Looking up default SQLErrorCodes for DataSource [{
	CreateTime:"2015-10-09 17:44:13",
	ActiveCount:1,
	PoolingCount:0,
	CreateCount:1,
	DestroyCount:0,
	CloseCount:1,
	ConnectCount:2,
	Connections:[
	]
}]
2015-10-09 17:44:14,323 [main] DEBUG org.springframework.jdbc.datasource.DataSourceUtils - Fetching JDBC Connection from DataSource
2015-10-09 17:44:14,342 [main] DEBUG org.springframework.jdbc.datasource.DataSourceUtils - Returning JDBC Connection to DataSource
2015-10-09 17:44:14,342 [main] DEBUG org.springframework.jdbc.support.SQLErrorCodesFactory - Database product name cached for DataSource [com.alibaba.druid.pool.DruidDataSource@52ee7344]: name is 'MySQL'
2015-10-09 17:44:14,343 [main] DEBUG org.springframework.jdbc.support.SQLErrorCodesFactory - SQL error codes for 'MySQL' found
2015-10-09 17:44:14,343 [main] DEBUG org.springframework.jdbc.support.SQLErrorCodeSQLExceptionTranslator - Translating SQLException with SQL state '42000', error code '1064', message [You have an error in your SQL syntax; check the manual that corresponds to your MySQL server version for the right syntax to use near '' at line 1]; SQL was [] for task [
### Error updating database.  Cause: com.mysql.jdbc.exceptions.jdbc4.MySQLSyntaxErrorException: You have an error in your SQL syntax; check the manual that corresponds to your MySQL server version for the right syntax to use near '' at line 1
### The error may involve com.zjgt.p2p.report.dao.CpsStatMapper.insertCpsAnalysis-Inline
### The error occurred while setting parameters
### SQL: INSERT INTO  cpsstat(curDate,cpscode,cpsname,regcnt,openaccnt,investamount,investcnt,avginvestamount,investrate,remark) VALUES
### Cause: com.mysql.jdbc.exceptions.jdbc4.MySQLSyntaxErrorException: You have an error in your SQL syntax; check the manual that corresponds to your MySQL server version for the right syntax to use near '' at line 1
]
2015-10-09 17:44:14,344 [main] DEBUG org.mybatis.spring.SqlSessionUtils - Closing non transactional SqlSession [org.apache.ibatis.session.defaults.DefaultSqlSession@1c572ca0]
2015-10-09 17:44:14,344 [main] DEBUG org.springframework.jdbc.datasource.DataSourceUtils - Returning JDBC Connection to DataSource
2015-10-09 17:44:14,347 [Thread-7] INFO  org.springframework.context.support.GenericApplicationContext - Closing org.springframework.context.support.GenericApplicationContext@286797ae: startup date [Fri Oct 09 17:44:02 CST 2015]; root of context hierarchy
2015-10-09 17:44:14,348 [Thread-7] INFO  org.springframework.beans.factory.support.DefaultListableBeanFactory - Destroying singletons in org.springframework.beans.factory.support.DefaultListableBeanFactory@520e3850: defining beans [org.springframework.context.annotation.internalConfigurationAnnotationProcessor,org.springframework.context.annotation.internalAutowiredAnnotationProcessor,org.springframework.context.annotation.internalRequiredAnnotationProcessor,org.springframework.context.annotation.internalCommonAnnotationProcessor,ArticlecategoryService,articleService,cpsAnalysisService,cpsStatService,asyncService,activityLogService,areaService,codeInfoService,countryService,errorLogMonitorService,loginLocaleService,menuService,moduleService,organizationService,paramService,roleService,serialService,staffAccountService,transactionService,webTransService,validator,propertiesUtils,springContextUtil,preloadService,cacheAdminFactory,cacheClient,org.springframework.context.support.PropertySourcesPlaceholderConfigurer#0,dataSource,sqlSessionFactory,org.mybatis.spring.mapper.MapperScannerConfigurer#0,transactionManager,org.springframework.aop.config.internalAutoProxyCreator,org.springframework.transaction.annotation.AnnotationTransactionAttributeSource#0,org.springframework.transaction.interceptor.TransactionInterceptor#0,org.springframework.transaction.config.internalTransactionAdvisor,transactionAdvice,transactionPointcut,org.springframework.aop.support.DefaultBeanFactoryPointcutAdvisor#0,druid-stat-interceptor,druid-stat-pointcut,org.springframework.aop.support.DefaultBeanFactoryPointcutAdvisor#1,dataSource_rpt,rpt_sqlSessionFactory,org.mybatis.spring.mapper.MapperScannerConfigurer#1,dataSource_source,source_sqlSessionFactory,org.mybatis.spring.mapper.MapperScannerConfigurer#2,org.springframework.context.annotation.ConfigurationClassPostProcessor.importAwareProcessor,articlecategoryMapper,articleMapper,articletagMapper,tagMapper,activityLogDao,areaDao,codeInfoDao,countryDao,errorLogMonitorDao,loginLocaleDao,menuDao,moduleDao,organizationDao,paramDao,roleDao,serialDao,staffDao,transactionDao,webTransDao,cpsStatMapper]; root of factory hierarchy
